======================================================
eventx INFERENCE PIPELINE
Started at: Tue Mar 24 01:24:03 CDT 2026
======================================================

Total combinations: 1


======================================================
RUN [1/1]
Model: mdg-nlp/T5-eventx-recognition-sentence
Dataset: mdg-nlp/eventx-recognition-document
======================================================
>>> Running inference...
01:24:06 | ============================================================
01:24:06 | NER INFERENCE PIPELINE
01:24:06 |   Model       : mdg-nlp/T5-eventx-recognition-sentence
01:24:06 |   Dataset     : mdg-nlp/eventx-recognition-document  (split=test)
01:24:06 |   Task        : event
01:24:06 |   Max samples : 80
01:24:06 |   Gold field  : gold_event_expressions
01:24:06 |   Pred field  : post_processed_event_expressions
01:24:06 | ============================================================
01:24:06 | 
Loading dataset: mdg-nlp/eventx-recognition-document
01:24:08 | Processing 80 rows from test split.
01:24:08 | 
Loading model: mdg-nlp/T5-eventx-recognition-sentence
01:24:08 | Using Token Classification (NER pipeline)
01:24:08 | Loading tokenizer...
You set `add_prefix_space`. The tokenizer needs to be converted from the slow tokenizers
You are using the default legacy behaviour of the <class 'transformers.models.t5.tokenization_t5.T5Tokenizer'>. This is expected, and simply means that the `legacy` (previous) behavior will be used so nothing changes for you. If you want to use the new behaviour, set `legacy=False`. This should only be set if you understand what it means, and thoroughly read the reason why this was added as explained in https://github.com/huggingface/transformers/pull/24565
01:24:08 | Loading model with NER pipeline...
Device set to use mps
01:24:09 | Ready on mps.
01:24:09 | 
Running inference on 80 texts...
01:24:09 |   Batch 1/5 (16 texts)
01:24:09 |   Batch 2/5 (16 texts)
01:24:09 |   Batch 3/5 (16 texts)
01:24:09 |   Batch 4/5 (16 texts)
01:24:09 |   Batch 5/5 (16 texts)
01:24:10 | 
Evaluating...
01:24:10 | 
==================================================
01:24:10 | EVALUATION RESULTS
01:24:10 | ==================================================
01:24:10 |   Rows evaluated : 80
01:24:10 |   TP / FP / FN   : 1283 / 461 / 807
01:24:10 | --------------------------------------------------
01:24:10 |   Micro Precision : 0.7357
01:24:10 |   Micro Recall    : 0.6139
01:24:10 |   Micro F1        : 0.6693
01:24:10 | --------------------------------------------------
01:24:10 |   Macro F1        : 0.7084
01:24:10 | ==================================================
01:24:10 | 
Output saved → outputs/mdg-nlp_eventx-recognition-document__mdg-nlp_T5-eventx-recognition-sentence__predictions.jsonl
01:24:10 |   - Rows 1-80: Individual predictions
01:24:10 |   - Row 81: FINAL_METRICS
01:24:10 | Metrics saved → outputs/mdg-nlp_eventx-recognition-document__mdg-nlp_T5-eventx-recognition-sentence__predictions_metrics.json
01:24:10 | Done.
 ### Inference completed successfully ### 
Progress: 1 successful, 0 failed

======================================================
eventx PIPELINE COMPLETE
======================================================
Finished at: Tue Mar 24 01:24:10 CDT 2026

SUMMARY:
  Total runs: 1
  Successful: 1
  Failed: 0
  Success rate: %   Success rate: %

Outputs: outputs/
Results: results/
Log: logs/eventx_pipeline_20260324_012403.log
======================================================
