======================================================
EVENTX INFERENCE PIPELINE
Started at: Sat Mar 14 00:01:46 CDT 2026
======================================================

Total combinations: 1


======================================================
RUN [1/1]
Model: mdg-nlp/T5-eventx-sentence-recoginition
Dataset: mdg-nlp/eventx-recognition-document
======================================================
>>> Running inference...
00:01:49 | ============================================================
00:01:49 | NER INFERENCE PIPELINE
00:01:49 |   Model       : mdg-nlp/T5-eventx-sentence-recoginition
00:01:49 |   Dataset     : mdg-nlp/eventx-recognition-document  (split=test)
00:01:49 |   Task        : event
00:01:49 |   Max samples : 80
00:01:49 |   Gold field  : gold_event_expressions
00:01:49 |   Pred field  : post_processed_event_expressions
00:01:49 | ============================================================
00:01:49 | 
Loading dataset: mdg-nlp/eventx-recognition-document
00:01:51 | Processing 80 rows from test split.
00:01:51 | 
Loading model: mdg-nlp/T5-eventx-sentence-recoginition
00:01:51 | Using Token Classification (NER pipeline)
00:01:51 | Loading tokenizer...
You set `add_prefix_space`. The tokenizer needs to be converted from the slow tokenizers
You are using the default legacy behaviour of the <class 'transformers.models.t5.tokenization_t5.T5Tokenizer'>. This is expected, and simply means that the `legacy` (previous) behavior will be used so nothing changes for you. If you want to use the new behaviour, set `legacy=False`. This should only be set if you understand what it means, and thoroughly read the reason why this was added as explained in https://github.com/huggingface/transformers/pull/24565
00:01:56 | Loading model with NER pipeline...
Device set to use mps
00:02:08 | Ready on mps.
00:02:08 | 
Running inference on 80 texts...
00:02:08 |   Batch 1/5 (16 texts)
00:02:09 |   Batch 2/5 (16 texts)
00:02:09 |   Batch 3/5 (16 texts)
00:02:10 |   Batch 4/5 (16 texts)
00:02:10 |   Batch 5/5 (16 texts)
00:02:11 | 
Evaluating...
00:02:11 | 
==================================================
00:02:11 | EVALUATION RESULTS
00:02:11 | ==================================================
00:02:11 |   Rows evaluated : 80
00:02:11 |   TP / FP / FN   : 1149 / 334 / 941
00:02:11 | --------------------------------------------------
00:02:11 |   Micro Precision : 0.7748
00:02:11 |   Micro Recall    : 0.5498
00:02:11 |   Micro F1        : 0.6432
00:02:11 | --------------------------------------------------
00:02:11 |   Macro F1        : 0.6780
00:02:11 | ==================================================
00:02:11 | 
Output saved → outputs/mdg-nlp_eventx-recognition-document__mdg-nlp_T5-eventx-sentence-recoginition__predictions.jsonl
00:02:11 |   - Rows 1-80: Individual predictions
00:02:11 |   - Row 81: FINAL_METRICS
00:02:11 | Metrics saved → outputs/mdg-nlp_eventx-recognition-document__mdg-nlp_T5-eventx-sentence-recoginition__predictions_metrics.json
00:02:11 | Done.
✓ Inference completed successfully
>>> Running evaluation...
Loaded 81 rows from outputs/mdg-nlp_eventx-recognition-document__mdg-nlp_T5-eventx-sentence-recoginition__predictions.jsonl

==================================================
EVALUATION RESULTS
==================================================
  Gold field : gold_eventx_expressions
  Pred field : post_processed_eventx_expressions
  Rows       : 81 evaluated / 81 total
--------------------------------------------------
  Micro Precision : 0.0000
  Micro Recall    : 0.0000
  Micro F1        : 0.0000   (TP=0  FP=0  FN=0)
--------------------------------------------------
  Macro F1        : 0.0000
==================================================

Results saved to: results/mdg-nlp_eventx-recognition-document__mdg-nlp_T5-eventx-sentence-recoginition__results.jsonl
  - Rows 1-81: Individual predictions
  - Row 82: FINAL_METRICS (Micro/Macro F1)
Metrics saved to: results/mdg-nlp_eventx-recognition-document__mdg-nlp_T5-eventx-sentence-recoginition__results_metrics.json
✓ Evaluation completed successfully
  Predictions: outputs/mdg-nlp_eventx-recognition-document__mdg-nlp_T5-eventx-sentence-recoginition__predictions.jsonl
  Results: results/mdg-nlp_eventx-recognition-document__mdg-nlp_T5-eventx-sentence-recoginition__results.jsonl
  Metrics: results/mdg-nlp_eventx-recognition-document__mdg-nlp_T5-eventx-sentence-recoginition__results_metrics.json
Progress: 1 successful, 0 failed

======================================================
EVENTX PIPELINE COMPLETE
======================================================
Finished at: Sat Mar 14 00:02:11 CDT 2026

SUMMARY:
  Total runs: 1
  Successful: 1
  Failed: 0
  Success rate: %   Success rate: %

Outputs: outputs/
Results: results/
Log: logs/eventx_pipeline_20260314_000146.log
======================================================
