======================================================
EVENTX INFERENCE PIPELINE
Started at: Thu Mar 19 17:04:21 CDT 2026
======================================================

Total combinations: 3


======================================================
RUN [1/3]
Model: mdg-nlp/RoBERTa-eventx-recognition-sentence
Dataset: mdg-nlp/eventx-recognition-perturbed-gpt
======================================================
>>> Running inference...
17:04:23 | ============================================================
17:04:23 | NER INFERENCE PIPELINE
17:04:23 |   Model       : mdg-nlp/RoBERTa-eventx-recognition-sentence
17:04:23 |   Dataset     : mdg-nlp/eventx-recognition-perturbed-gpt  (split=test)
17:04:23 |   Task        : event
17:04:23 |   Max samples : 400
17:04:23 |   Gold field  : gold_event_expressions
17:04:23 |   Pred field  : post_processed_event_expressions
17:04:23 | ============================================================
17:04:23 | 
Loading dataset: mdg-nlp/eventx-recognition-perturbed-gpt
17:04:24 | Processing 400 rows from test split.
17:04:24 | 
Loading model: mdg-nlp/RoBERTa-eventx-recognition-sentence
17:04:24 | Using Token Classification (NER pipeline)
17:04:24 | Loading tokenizer...
17:04:25 | Loading model with NER pipeline...
Device set to use mps
17:04:25 | Ready on mps.
17:04:25 | 
Running inference on 400 texts...
17:04:25 |   Batch 1/25 (16 texts)
17:04:26 |   Batch 2/25 (16 texts)
17:04:26 |   Batch 3/25 (16 texts)
17:04:26 |   Batch 4/25 (16 texts)
17:04:26 |   Batch 5/25 (16 texts)
17:04:26 |   Batch 6/25 (16 texts)
17:04:26 |   Batch 7/25 (16 texts)
17:04:26 |   Batch 8/25 (16 texts)
17:04:26 |   Batch 9/25 (16 texts)
17:04:26 |   Batch 10/25 (16 texts)
17:04:26 |   Batch 11/25 (16 texts)
17:04:27 |   Batch 12/25 (16 texts)
17:04:27 |   Batch 13/25 (16 texts)
17:04:27 |   Batch 14/25 (16 texts)
17:04:27 |   Batch 15/25 (16 texts)
17:04:27 |   Batch 16/25 (16 texts)
17:04:27 |   Batch 17/25 (16 texts)
17:04:27 |   Batch 18/25 (16 texts)
17:04:27 |   Batch 19/25 (16 texts)
17:04:27 |   Batch 20/25 (16 texts)
17:04:28 |   Batch 21/25 (16 texts)
17:04:28 |   Batch 22/25 (16 texts)
17:04:28 |   Batch 23/25 (16 texts)
17:04:28 |   Batch 24/25 (16 texts)
17:04:28 |   Batch 25/25 (16 texts)
17:04:28 | 
Evaluating...
17:04:28 | 
==================================================
17:04:28 | EVALUATION RESULTS
17:04:28 | ==================================================
17:04:28 |   Rows evaluated : 400
17:04:28 |   TP / FP / FN   : 1143 / 1923 / 361
17:04:28 | --------------------------------------------------
17:04:28 |   Micro Precision : 0.3728
17:04:28 |   Micro Recall    : 0.7600
17:04:28 |   Micro F1        : 0.5002
17:04:28 | --------------------------------------------------
17:04:28 |   Macro F1        : 0.4931
17:04:28 | ==================================================
17:04:28 | 
Output saved → outputs/mdg-nlp_eventx-recognition-perturbed-gpt__mdg-nlp_RoBERTa-eventx-recognition-sentence__predictions.jsonl
17:04:28 |   - Rows 1-400: Individual predictions
17:04:28 |   - Row 401: FINAL_METRICS
17:04:28 | Metrics saved → outputs/mdg-nlp_eventx-recognition-perturbed-gpt__mdg-nlp_RoBERTa-eventx-recognition-sentence__predictions_metrics.json
17:04:28 | Done.
✓ Inference completed successfully
>>> Running evaluation...
Loaded 401 rows from outputs/mdg-nlp_eventx-recognition-perturbed-gpt__mdg-nlp_RoBERTa-eventx-recognition-sentence__predictions.jsonl

==================================================
EVALUATION RESULTS
==================================================
  Gold field : gold_eventx_expressions
  Pred field : post_processed_eventx_expressions
  Rows       : 401 evaluated / 401 total
--------------------------------------------------
  Micro Precision : 0.0000
  Micro Recall    : 0.0000
  Micro F1        : 0.0000   (TP=0  FP=0  FN=0)
--------------------------------------------------
  Macro F1        : 0.0000
==================================================

Results saved to: results/mdg-nlp_eventx-recognition-perturbed-gpt__mdg-nlp_RoBERTa-eventx-recognition-sentence__results.jsonl
  - Rows 1-401: Individual predictions
  - Row 402: FINAL_METRICS (Micro/Macro F1)
Metrics saved to: results/mdg-nlp_eventx-recognition-perturbed-gpt__mdg-nlp_RoBERTa-eventx-recognition-sentence__results_metrics.json
✓ Evaluation completed successfully
  Predictions: outputs/mdg-nlp_eventx-recognition-perturbed-gpt__mdg-nlp_RoBERTa-eventx-recognition-sentence__predictions.jsonl
  Results: results/mdg-nlp_eventx-recognition-perturbed-gpt__mdg-nlp_RoBERTa-eventx-recognition-sentence__results.jsonl
  Metrics: results/mdg-nlp_eventx-recognition-perturbed-gpt__mdg-nlp_RoBERTa-eventx-recognition-sentence__results_metrics.json
Progress: 1 successful, 0 failed

======================================================
RUN [2/3]
Model: mdg-nlp/T5-eventx-sentence-recoginition
Dataset: mdg-nlp/eventx-recognition-perturbed-gpt
======================================================
>>> Running inference...
17:04:31 | ============================================================
17:04:31 | NER INFERENCE PIPELINE
17:04:31 |   Model       : mdg-nlp/T5-eventx-sentence-recoginition
17:04:31 |   Dataset     : mdg-nlp/eventx-recognition-perturbed-gpt  (split=test)
17:04:31 |   Task        : event
17:04:31 |   Max samples : 400
17:04:31 |   Gold field  : gold_event_expressions
17:04:31 |   Pred field  : post_processed_event_expressions
17:04:31 | ============================================================
17:04:31 | 
Loading dataset: mdg-nlp/eventx-recognition-perturbed-gpt
17:04:32 | Processing 400 rows from test split.
17:04:32 | 
Loading model: mdg-nlp/T5-eventx-sentence-recoginition
17:04:32 | Using Token Classification (NER pipeline)
17:04:32 | Loading tokenizer...
You set `add_prefix_space`. The tokenizer needs to be converted from the slow tokenizers
You are using the default legacy behaviour of the <class 'transformers.models.t5.tokenization_t5.T5Tokenizer'>. This is expected, and simply means that the `legacy` (previous) behavior will be used so nothing changes for you. If you want to use the new behaviour, set `legacy=False`. This should only be set if you understand what it means, and thoroughly read the reason why this was added as explained in https://github.com/huggingface/transformers/pull/24565
17:04:33 | Loading model with NER pipeline...
Device set to use mps
17:04:33 | Ready on mps.
17:04:33 | 
Running inference on 400 texts...
17:04:33 |   Batch 1/25 (16 texts)
17:04:33 |   Batch 2/25 (16 texts)
17:04:33 |   Batch 3/25 (16 texts)
17:04:34 |   Batch 4/25 (16 texts)
17:04:34 |   Batch 5/25 (16 texts)
17:04:34 |   Batch 6/25 (16 texts)
17:04:34 |   Batch 7/25 (16 texts)
17:04:34 |   Batch 8/25 (16 texts)
17:04:34 |   Batch 9/25 (16 texts)
17:04:34 |   Batch 10/25 (16 texts)
17:04:35 |   Batch 11/25 (16 texts)
17:04:35 |   Batch 12/25 (16 texts)
17:04:35 |   Batch 13/25 (16 texts)
17:04:35 |   Batch 14/25 (16 texts)
17:04:35 |   Batch 15/25 (16 texts)
17:04:35 |   Batch 16/25 (16 texts)
17:04:36 |   Batch 17/25 (16 texts)
17:04:36 |   Batch 18/25 (16 texts)
17:04:36 |   Batch 19/25 (16 texts)
17:04:36 |   Batch 20/25 (16 texts)
17:04:36 |   Batch 21/25 (16 texts)
17:04:36 |   Batch 22/25 (16 texts)
17:04:36 |   Batch 23/25 (16 texts)
17:04:37 |   Batch 24/25 (16 texts)
17:04:37 |   Batch 25/25 (16 texts)
17:04:37 | 
Evaluating...
17:04:37 | 
==================================================
17:04:37 | EVALUATION RESULTS
17:04:37 | ==================================================
17:04:37 |   Rows evaluated : 400
17:04:37 |   TP / FP / FN   : 824 / 1796 / 680
17:04:37 | --------------------------------------------------
17:04:37 |   Micro Precision : 0.3145
17:04:37 |   Micro Recall    : 0.5479
17:04:37 |   Micro F1        : 0.3996
17:04:37 | --------------------------------------------------
17:04:37 |   Macro F1        : 0.3774
17:04:37 | ==================================================
17:04:37 | 
Output saved → outputs/mdg-nlp_eventx-recognition-perturbed-gpt__mdg-nlp_T5-eventx-sentence-recoginition__predictions.jsonl
17:04:37 |   - Rows 1-400: Individual predictions
17:04:37 |   - Row 401: FINAL_METRICS
17:04:37 | Metrics saved → outputs/mdg-nlp_eventx-recognition-perturbed-gpt__mdg-nlp_T5-eventx-sentence-recoginition__predictions_metrics.json
17:04:37 | Done.
✓ Inference completed successfully
>>> Running evaluation...
Loaded 401 rows from outputs/mdg-nlp_eventx-recognition-perturbed-gpt__mdg-nlp_T5-eventx-sentence-recoginition__predictions.jsonl

==================================================
EVALUATION RESULTS
==================================================
  Gold field : gold_eventx_expressions
  Pred field : post_processed_eventx_expressions
  Rows       : 401 evaluated / 401 total
--------------------------------------------------
  Micro Precision : 0.0000
  Micro Recall    : 0.0000
  Micro F1        : 0.0000   (TP=0  FP=0  FN=0)
--------------------------------------------------
  Macro F1        : 0.0000
==================================================

Results saved to: results/mdg-nlp_eventx-recognition-perturbed-gpt__mdg-nlp_T5-eventx-sentence-recoginition__results.jsonl
  - Rows 1-401: Individual predictions
  - Row 402: FINAL_METRICS (Micro/Macro F1)
Metrics saved to: results/mdg-nlp_eventx-recognition-perturbed-gpt__mdg-nlp_T5-eventx-sentence-recoginition__results_metrics.json
✓ Evaluation completed successfully
  Predictions: outputs/mdg-nlp_eventx-recognition-perturbed-gpt__mdg-nlp_T5-eventx-sentence-recoginition__predictions.jsonl
  Results: results/mdg-nlp_eventx-recognition-perturbed-gpt__mdg-nlp_T5-eventx-sentence-recoginition__results.jsonl
  Metrics: results/mdg-nlp_eventx-recognition-perturbed-gpt__mdg-nlp_T5-eventx-sentence-recoginition__results_metrics.json
Progress: 2 successful, 0 failed

======================================================
RUN [3/3]
Model: mdg-nlp/gpt-2-eventx-sentence-recognition
Dataset: mdg-nlp/eventx-recognition-perturbed-gpt
======================================================
>>> Running inference...
17:04:41 | ============================================================
17:04:41 | NER INFERENCE PIPELINE
17:04:41 |   Model       : mdg-nlp/gpt-2-eventx-sentence-recognition
17:04:41 |   Dataset     : mdg-nlp/eventx-recognition-perturbed-gpt  (split=test)
17:04:41 |   Task        : event
17:04:41 |   Max samples : 400
17:04:41 |   Gold field  : gold_event_expressions
17:04:41 |   Pred field  : post_processed_event_expressions
17:04:41 | ============================================================
17:04:41 | 
Loading dataset: mdg-nlp/eventx-recognition-perturbed-gpt
17:04:42 | Processing 400 rows from test split.
17:04:42 | 
Loading model: mdg-nlp/gpt-2-eventx-sentence-recognition
17:04:42 | Using Token Classification (NER pipeline)
17:04:42 | Loading tokenizer...
17:04:42 | Loading model with NER pipeline...
Device set to use mps
17:04:43 | Ready on mps.
17:04:43 | 
Running inference on 400 texts...
17:04:43 |   Batch 1/25 (16 texts)
17:04:43 |   Batch 2/25 (16 texts)
17:04:43 |   Batch 3/25 (16 texts)
17:04:43 |   Batch 4/25 (16 texts)
17:04:43 |   Batch 5/25 (16 texts)
17:04:43 |   Batch 6/25 (16 texts)
17:04:43 |   Batch 7/25 (16 texts)
17:04:44 |   Batch 8/25 (16 texts)
17:04:44 |   Batch 9/25 (16 texts)
17:04:44 |   Batch 10/25 (16 texts)
17:04:44 |   Batch 11/25 (16 texts)
17:04:44 |   Batch 12/25 (16 texts)
17:04:44 |   Batch 13/25 (16 texts)
17:04:44 |   Batch 14/25 (16 texts)
17:04:44 |   Batch 15/25 (16 texts)
17:04:45 |   Batch 16/25 (16 texts)
17:04:45 |   Batch 17/25 (16 texts)
17:04:45 |   Batch 18/25 (16 texts)
17:04:45 |   Batch 19/25 (16 texts)
17:04:45 |   Batch 20/25 (16 texts)
17:04:45 |   Batch 21/25 (16 texts)
17:04:45 |   Batch 22/25 (16 texts)
17:04:45 |   Batch 23/25 (16 texts)
17:04:45 |   Batch 24/25 (16 texts)
17:04:46 |   Batch 25/25 (16 texts)
17:04:46 | 
Evaluating...
17:04:46 | 
==================================================
17:04:46 | EVALUATION RESULTS
17:04:46 | ==================================================
17:04:46 |   Rows evaluated : 400
17:04:46 |   TP / FP / FN   : 1171 / 1976 / 333
17:04:46 | --------------------------------------------------
17:04:46 |   Micro Precision : 0.3721
17:04:46 |   Micro Recall    : 0.7786
17:04:46 |   Micro F1        : 0.5035
17:04:46 | --------------------------------------------------
17:04:46 |   Macro F1        : 0.4935
17:04:46 | ==================================================
17:04:46 | 
Output saved → outputs/mdg-nlp_eventx-recognition-perturbed-gpt__mdg-nlp_gpt-2-eventx-sentence-recognition__predictions.jsonl
17:04:46 |   - Rows 1-400: Individual predictions
17:04:46 |   - Row 401: FINAL_METRICS
17:04:46 | Metrics saved → outputs/mdg-nlp_eventx-recognition-perturbed-gpt__mdg-nlp_gpt-2-eventx-sentence-recognition__predictions_metrics.json
17:04:46 | Done.
✓ Inference completed successfully
>>> Running evaluation...
Loaded 401 rows from outputs/mdg-nlp_eventx-recognition-perturbed-gpt__mdg-nlp_gpt-2-eventx-sentence-recognition__predictions.jsonl

==================================================
EVALUATION RESULTS
==================================================
  Gold field : gold_eventx_expressions
  Pred field : post_processed_eventx_expressions
  Rows       : 401 evaluated / 401 total
--------------------------------------------------
  Micro Precision : 0.0000
  Micro Recall    : 0.0000
  Micro F1        : 0.0000   (TP=0  FP=0  FN=0)
--------------------------------------------------
  Macro F1        : 0.0000
==================================================

Results saved to: results/mdg-nlp_eventx-recognition-perturbed-gpt__mdg-nlp_gpt-2-eventx-sentence-recognition__results.jsonl
  - Rows 1-401: Individual predictions
  - Row 402: FINAL_METRICS (Micro/Macro F1)
Metrics saved to: results/mdg-nlp_eventx-recognition-perturbed-gpt__mdg-nlp_gpt-2-eventx-sentence-recognition__results_metrics.json
✓ Evaluation completed successfully
  Predictions: outputs/mdg-nlp_eventx-recognition-perturbed-gpt__mdg-nlp_gpt-2-eventx-sentence-recognition__predictions.jsonl
  Results: results/mdg-nlp_eventx-recognition-perturbed-gpt__mdg-nlp_gpt-2-eventx-sentence-recognition__results.jsonl
  Metrics: results/mdg-nlp_eventx-recognition-perturbed-gpt__mdg-nlp_gpt-2-eventx-sentence-recognition__results_metrics.json
Progress: 3 successful, 0 failed

======================================================
EVENTX PIPELINE COMPLETE
======================================================
Finished at: Thu Mar 19 17:04:46 CDT 2026

SUMMARY:
  Total runs: 3
  Successful: 3
  Failed: 0
  Success rate: %   Success rate: %

Outputs: outputs/
Results: results/
Log: logs/eventx_pipeline_20260319_170421.log
======================================================
