======================================================
eventx INFERENCE PIPELINE
Started at: Tue Mar 24 01:22:42 CDT 2026
======================================================

Total combinations: 5


======================================================
RUN [1/5]
Model: mdg-nlp/T5-eventx-recognition-sentence
Dataset: mdg-nlp/eventx-recognition-original
======================================================
>>> Running inference...
01:22:45 | ============================================================
01:22:45 | NER INFERENCE PIPELINE
01:22:45 |   Model       : mdg-nlp/T5-eventx-recognition-sentence
01:22:45 |   Dataset     : mdg-nlp/eventx-recognition-original  (split=test)
01:22:45 |   Task        : event
01:22:45 |   Max samples : 80
01:22:45 |   Gold field  : gold_event_expressions
01:22:45 |   Pred field  : post_processed_event_expressions
01:22:45 | ============================================================
01:22:45 | 
Loading dataset: mdg-nlp/eventx-recognition-original
01:22:46 | Processing 80 rows from test split.
01:22:46 | 
Loading model: mdg-nlp/T5-eventx-recognition-sentence
01:22:46 | Using Token Classification (NER pipeline)
01:22:46 | Loading tokenizer...
You set `add_prefix_space`. The tokenizer needs to be converted from the slow tokenizers
You are using the default legacy behaviour of the <class 'transformers.models.t5.tokenization_t5.T5Tokenizer'>. This is expected, and simply means that the `legacy` (previous) behavior will be used so nothing changes for you. If you want to use the new behaviour, set `legacy=False`. This should only be set if you understand what it means, and thoroughly read the reason why this was added as explained in https://github.com/huggingface/transformers/pull/24565
01:22:48 | Loading model with NER pipeline...
Device set to use mps
01:22:53 | Ready on mps.
01:22:53 | 
Running inference on 80 texts...
01:22:53 |   Batch 1/5 (16 texts)
01:22:53 |   Batch 2/5 (16 texts)
01:22:53 |   Batch 3/5 (16 texts)
01:22:53 |   Batch 4/5 (16 texts)
01:22:53 |   Batch 5/5 (16 texts)
01:22:53 | 
Evaluating...
01:22:53 | 
==================================================
01:22:53 | EVALUATION RESULTS
01:22:53 | ==================================================
01:22:53 |   Rows evaluated : 80
01:22:53 |   TP / FP / FN   : 244 / 118 / 59
01:22:53 | --------------------------------------------------
01:22:53 |   Micro Precision : 0.6740
01:22:53 |   Micro Recall    : 0.8053
01:22:53 |   Micro F1        : 0.7338
01:22:53 | --------------------------------------------------
01:22:53 |   Macro F1        : 0.7489
01:22:53 | ==================================================
01:22:53 | 
Output saved → outputs/mdg-nlp_eventx-recognition-original__mdg-nlp_T5-eventx-recognition-sentence__predictions.jsonl
01:22:53 |   - Rows 1-80: Individual predictions
01:22:53 |   - Row 81: FINAL_METRICS
01:22:53 | Metrics saved → outputs/mdg-nlp_eventx-recognition-original__mdg-nlp_T5-eventx-recognition-sentence__predictions_metrics.json
01:22:53 | Done.
 ### Inference completed successfully ### 
Progress: 1 successful, 0 failed

======================================================
RUN [2/5]
Model: mdg-nlp/T5-eventx-recognition-sentence
Dataset: mdg-nlp/eventx-recognition-perturbed
======================================================
>>> Running inference...
01:22:56 | ============================================================
01:22:56 | NER INFERENCE PIPELINE
01:22:56 |   Model       : mdg-nlp/T5-eventx-recognition-sentence
01:22:56 |   Dataset     : mdg-nlp/eventx-recognition-perturbed  (split=test)
01:22:56 |   Task        : event
01:22:56 |   Max samples : 80
01:22:56 |   Gold field  : gold_event_expressions
01:22:56 |   Pred field  : post_processed_event_expressions
01:22:56 | ============================================================
01:22:56 | 
Loading dataset: mdg-nlp/eventx-recognition-perturbed
01:22:57 | Processing 80 rows from test split.
01:22:57 | 
Loading model: mdg-nlp/T5-eventx-recognition-sentence
01:22:57 | Using Token Classification (NER pipeline)
01:22:57 | Loading tokenizer...
You set `add_prefix_space`. The tokenizer needs to be converted from the slow tokenizers
You are using the default legacy behaviour of the <class 'transformers.models.t5.tokenization_t5.T5Tokenizer'>. This is expected, and simply means that the `legacy` (previous) behavior will be used so nothing changes for you. If you want to use the new behaviour, set `legacy=False`. This should only be set if you understand what it means, and thoroughly read the reason why this was added as explained in https://github.com/huggingface/transformers/pull/24565
01:22:58 | Loading model with NER pipeline...
Device set to use mps
01:22:58 | Ready on mps.
01:22:58 | 
Running inference on 80 texts...
01:22:58 |   Batch 1/5 (16 texts)
01:22:58 |   Batch 2/5 (16 texts)
01:22:58 |   Batch 3/5 (16 texts)
01:22:58 |   Batch 4/5 (16 texts)
01:22:58 |   Batch 5/5 (16 texts)
01:22:58 | 
Evaluating...
01:22:58 | 
==================================================
01:22:58 | EVALUATION RESULTS
01:22:58 | ==================================================
01:22:58 |   Rows evaluated : 80
01:22:58 |   TP / FP / FN   : 234 / 116 / 69
01:22:58 | --------------------------------------------------
01:22:58 |   Micro Precision : 0.6686
01:22:58 |   Micro Recall    : 0.7723
01:22:58 |   Micro F1        : 0.7167
01:22:58 | --------------------------------------------------
01:22:58 |   Macro F1        : 0.7268
01:22:58 | ==================================================
01:22:58 | 
Output saved → outputs/mdg-nlp_eventx-recognition-perturbed__mdg-nlp_T5-eventx-recognition-sentence__predictions.jsonl
01:22:58 |   - Rows 1-80: Individual predictions
01:22:58 |   - Row 81: FINAL_METRICS
01:22:58 | Metrics saved → outputs/mdg-nlp_eventx-recognition-perturbed__mdg-nlp_T5-eventx-recognition-sentence__predictions_metrics.json
01:22:58 | Done.
 ### Inference completed successfully ### 
Progress: 2 successful, 0 failed

======================================================
RUN [3/5]
Model: mdg-nlp/T5-eventx-recognition-sentence
Dataset: mdg-nlp/domain-eventx-recognition-sentence-updated
======================================================
>>> Running inference...
01:23:01 | ============================================================
01:23:01 | NER INFERENCE PIPELINE
01:23:01 |   Model       : mdg-nlp/T5-eventx-recognition-sentence
01:23:01 |   Dataset     : mdg-nlp/domain-eventx-recognition-sentence-updated  (split=test)
01:23:01 |   Task        : event
01:23:01 |   Max samples : 80
01:23:01 |   Gold field  : gold_event_expressions
01:23:01 |   Pred field  : post_processed_event_expressions
01:23:01 | ============================================================
01:23:01 | 
Loading dataset: mdg-nlp/domain-eventx-recognition-sentence-updated
01:23:02 | Processing 80 rows from test split.
01:23:03 | 
Loading model: mdg-nlp/T5-eventx-recognition-sentence
01:23:03 | Using Token Classification (NER pipeline)
01:23:03 | Loading tokenizer...
You set `add_prefix_space`. The tokenizer needs to be converted from the slow tokenizers
You are using the default legacy behaviour of the <class 'transformers.models.t5.tokenization_t5.T5Tokenizer'>. This is expected, and simply means that the `legacy` (previous) behavior will be used so nothing changes for you. If you want to use the new behaviour, set `legacy=False`. This should only be set if you understand what it means, and thoroughly read the reason why this was added as explained in https://github.com/huggingface/transformers/pull/24565
01:23:03 | Loading model with NER pipeline...
Device set to use mps
01:23:03 | Ready on mps.
01:23:03 | 
Running inference on 80 texts...
01:23:03 |   Batch 1/5 (16 texts)
01:23:03 |   Batch 2/5 (16 texts)
01:23:03 |   Batch 3/5 (16 texts)
01:23:03 |   Batch 4/5 (16 texts)
01:23:03 |   Batch 5/5 (16 texts)
01:23:03 | 
Evaluating...
01:23:03 | 
==================================================
01:23:03 | EVALUATION RESULTS
01:23:03 | ==================================================
01:23:03 |   Rows evaluated : 80
01:23:03 |   TP / FP / FN   : 36 / 123 / 264
01:23:03 | --------------------------------------------------
01:23:03 |   Micro Precision : 0.2264
01:23:03 |   Micro Recall    : 0.1200
01:23:03 |   Micro F1        : 0.1569
01:23:03 | --------------------------------------------------
01:23:03 |   Macro F1        : 0.1386
01:23:03 | ==================================================
01:23:03 | 
Output saved → outputs/mdg-nlp_domain-eventx-recognition-sentence-updated__mdg-nlp_T5-eventx-recognition-sentence__predictions.jsonl
01:23:03 |   - Rows 1-80: Individual predictions
01:23:03 |   - Row 81: FINAL_METRICS
01:23:03 | Metrics saved → outputs/mdg-nlp_domain-eventx-recognition-sentence-updated__mdg-nlp_T5-eventx-recognition-sentence__predictions_metrics.json
01:23:03 | Done.
 ### Inference completed successfully ### 
Progress: 3 successful, 0 failed

======================================================
RUN [4/5]
Model: mdg-nlp/T5-eventx-recognition-sentence
Dataset: mdg-nlp/eventx-recognition-sentence-vocab-substituted-updated
======================================================
>>> Running inference...
01:23:06 | ============================================================
01:23:06 | NER INFERENCE PIPELINE
01:23:06 |   Model       : mdg-nlp/T5-eventx-recognition-sentence
01:23:06 |   Dataset     : mdg-nlp/eventx-recognition-sentence-vocab-substituted-updated  (split=test)
01:23:06 |   Task        : event
01:23:06 |   Max samples : 80
01:23:06 |   Gold field  : gold_event_expressions
01:23:06 |   Pred field  : post_processed_event_expressions
01:23:06 | ============================================================
01:23:06 | 
Loading dataset: mdg-nlp/eventx-recognition-sentence-vocab-substituted-updated
01:23:08 | Processing 80 rows from test split.
01:23:08 | 
Loading model: mdg-nlp/T5-eventx-recognition-sentence
01:23:08 | Using Token Classification (NER pipeline)
01:23:08 | Loading tokenizer...
You set `add_prefix_space`. The tokenizer needs to be converted from the slow tokenizers
You are using the default legacy behaviour of the <class 'transformers.models.t5.tokenization_t5.T5Tokenizer'>. This is expected, and simply means that the `legacy` (previous) behavior will be used so nothing changes for you. If you want to use the new behaviour, set `legacy=False`. This should only be set if you understand what it means, and thoroughly read the reason why this was added as explained in https://github.com/huggingface/transformers/pull/24565
01:23:08 | Loading model with NER pipeline...
Device set to use mps
01:23:08 | Ready on mps.
01:23:08 | 
Running inference on 80 texts...
01:23:08 |   Batch 1/5 (16 texts)
01:23:08 |   Batch 2/5 (16 texts)
01:23:09 |   Batch 3/5 (16 texts)
01:23:09 |   Batch 4/5 (16 texts)
01:23:09 |   Batch 5/5 (16 texts)
01:23:09 | 
Evaluating...
01:23:09 | 
==================================================
01:23:09 | EVALUATION RESULTS
01:23:09 | ==================================================
01:23:09 |   Rows evaluated : 80
01:23:09 |   TP / FP / FN   : 246 / 111 / 57
01:23:09 | --------------------------------------------------
01:23:09 |   Micro Precision : 0.6891
01:23:09 |   Micro Recall    : 0.8119
01:23:09 |   Micro F1        : 0.7455
01:23:09 | --------------------------------------------------
01:23:09 |   Macro F1        : 0.7561
01:23:09 | ==================================================
01:23:09 | 
Output saved → outputs/mdg-nlp_eventx-recognition-sentence-vocab-substituted-updated__mdg-nlp_T5-eventx-recognition-sentence__predictions.jsonl
01:23:09 |   - Rows 1-80: Individual predictions
01:23:09 |   - Row 81: FINAL_METRICS
01:23:09 | Metrics saved → outputs/mdg-nlp_eventx-recognition-sentence-vocab-substituted-updated__mdg-nlp_T5-eventx-recognition-sentence__predictions_metrics.json
01:23:09 | Done.
 ### Inference completed successfully ### 
Progress: 4 successful, 0 failed

======================================================
RUN [5/5]
Model: mdg-nlp/T5-eventx-recognition-sentence
Dataset: mdg-nlp/eventx-recognition-perturbed-gpt
======================================================
>>> Running inference...
01:23:11 | ============================================================
01:23:11 | NER INFERENCE PIPELINE
01:23:11 |   Model       : mdg-nlp/T5-eventx-recognition-sentence
01:23:11 |   Dataset     : mdg-nlp/eventx-recognition-perturbed-gpt  (split=test)
01:23:11 |   Task        : event
01:23:11 |   Max samples : 80
01:23:11 |   Gold field  : gold_event_expressions
01:23:11 |   Pred field  : post_processed_event_expressions
01:23:11 | ============================================================
01:23:11 | 
Loading dataset: mdg-nlp/eventx-recognition-perturbed-gpt
01:23:13 | Processing 80 rows from test split.
01:23:13 | 
Loading model: mdg-nlp/T5-eventx-recognition-sentence
01:23:13 | Using Token Classification (NER pipeline)
01:23:13 | Loading tokenizer...
You set `add_prefix_space`. The tokenizer needs to be converted from the slow tokenizers
You are using the default legacy behaviour of the <class 'transformers.models.t5.tokenization_t5.T5Tokenizer'>. This is expected, and simply means that the `legacy` (previous) behavior will be used so nothing changes for you. If you want to use the new behaviour, set `legacy=False`. This should only be set if you understand what it means, and thoroughly read the reason why this was added as explained in https://github.com/huggingface/transformers/pull/24565
01:23:13 | Loading model with NER pipeline...
Device set to use mps
01:23:13 | Ready on mps.
01:23:13 | 
Running inference on 80 texts...
01:23:13 |   Batch 1/5 (16 texts)
01:23:13 |   Batch 2/5 (16 texts)
01:23:13 |   Batch 3/5 (16 texts)
01:23:14 |   Batch 4/5 (16 texts)
01:23:14 |   Batch 5/5 (16 texts)
01:23:14 | 
Evaluating...
01:23:14 | 
==================================================
01:23:14 | EVALUATION RESULTS
01:23:14 | ==================================================
01:23:14 |   Rows evaluated : 80
01:23:14 |   TP / FP / FN   : 231 / 506 / 78
01:23:14 | --------------------------------------------------
01:23:14 |   Micro Precision : 0.3134
01:23:14 |   Micro Recall    : 0.7476
01:23:14 |   Micro F1        : 0.4417
01:23:14 | --------------------------------------------------
01:23:14 |   Macro F1        : 0.4366
01:23:14 | ==================================================
01:23:14 | 
Output saved → outputs/mdg-nlp_eventx-recognition-perturbed-gpt__mdg-nlp_T5-eventx-recognition-sentence__predictions.jsonl
01:23:14 |   - Rows 1-80: Individual predictions
01:23:14 |   - Row 81: FINAL_METRICS
01:23:14 | Metrics saved → outputs/mdg-nlp_eventx-recognition-perturbed-gpt__mdg-nlp_T5-eventx-recognition-sentence__predictions_metrics.json
01:23:14 | Done.
 ### Inference completed successfully ### 
Progress: 5 successful, 0 failed

======================================================
eventx PIPELINE COMPLETE
======================================================
Finished at: Tue Mar 24 01:23:14 CDT 2026

SUMMARY:
  Total runs: 5
  Successful: 5
  Failed: 0
  Success rate: %   Success rate: %

Outputs: outputs/
Results: results/
Log: logs/eventx_pipeline_20260324_012242.log
======================================================
