======================================================
eventx INFERENCE PIPELINE
Started at: Tue Mar 24 20:38:18 CDT 2026
======================================================

Total combinations: 1


======================================================
RUN [1/1]
Model: mdg-nlp/T5-eventx-recognition-sentence
Dataset: mdg-nlp/eventx-recognition-document
======================================================
>>> Running inference...
20:38:22 | ============================================================
20:38:22 | NER INFERENCE PIPELINE
20:38:22 |   Model       : mdg-nlp/T5-eventx-recognition-sentence
20:38:22 |   Dataset     : mdg-nlp/eventx-recognition-document  (split=test)
20:38:22 |   Task        : event
20:38:22 |   Max samples : 80
20:38:22 |   Gold field  : gold_event_expressions
20:38:22 |   Pred field  : post_processed_event_expressions
20:38:22 | ============================================================
20:38:22 | 
Loading dataset: mdg-nlp/eventx-recognition-document
20:38:24 | Processing 80 rows from test split.
20:38:24 | 
Loading model: mdg-nlp/T5-eventx-recognition-sentence
20:38:24 | Using Token Classification (NER pipeline)
20:38:24 | Loading tokenizer...
You set `add_prefix_space`. The tokenizer needs to be converted from the slow tokenizers
You are using the default legacy behaviour of the <class 'transformers.models.t5.tokenization_t5.T5Tokenizer'>. This is expected, and simply means that the `legacy` (previous) behavior will be used so nothing changes for you. If you want to use the new behaviour, set `legacy=False`. This should only be set if you understand what it means, and thoroughly read the reason why this was added as explained in https://github.com/huggingface/transformers/pull/24565
20:38:24 | Loading model with NER pipeline...
Device set to use mps
20:38:25 | Ready on mps.
20:38:25 | 
Running inference on 80 texts...
20:38:25 |   Batch 1/5 (16 texts)
20:38:25 |   Batch 2/5 (16 texts)
20:38:25 |   Batch 3/5 (16 texts)
20:38:25 |   Batch 4/5 (16 texts)
20:38:26 |   Batch 5/5 (16 texts)
20:38:26 | 
Evaluating...
20:38:26 | 
==================================================
20:38:26 | EVALUATION RESULTS
20:38:26 | ==================================================
20:38:26 |   Rows evaluated : 80
20:38:26 |   TP / FP / FN   : 1283 / 461 / 807
20:38:26 | --------------------------------------------------
20:38:26 |   Micro Precision : 0.7357
20:38:26 |   Micro Recall    : 0.6139
20:38:26 |   Micro F1        : 0.6693
20:38:26 | --------------------------------------------------
20:38:26 |   Macro F1        : 0.7084
20:38:26 | ==================================================
20:38:26 | 
Output saved → outputs/mdg-nlp_eventx-recognition-document__mdg-nlp_T5-eventx-recognition-sentence__predictions.jsonl
20:38:26 |   - Rows 1-80: Individual predictions
20:38:26 |   - Row 81: FINAL_METRICS
20:38:26 | Metrics saved → outputs/mdg-nlp_eventx-recognition-document__mdg-nlp_T5-eventx-recognition-sentence__predictions_metrics.json
20:38:26 | Done.
 ### Inference completed successfully ### 
Progress: 1 successful, 0 failed

======================================================
eventx PIPELINE COMPLETE
======================================================
Finished at: Tue Mar 24 20:38:26 CDT 2026

SUMMARY:
  Total runs: 1
  Successful: 1
  Failed: 0
  Success rate: %   Success rate: %

Outputs: outputs/
Results: results/
Log: logs/eventx_pipeline_20260324_203818.log
======================================================
