======================================================
EVENTX INFERENCE PIPELINE
Started at: Fri Mar 13 23:52:52 CDT 2026
======================================================

Total combinations: 12


======================================================
RUN [1/12]
Model: mdg-nlp/RoBERTa-eventx-recognition-sentence
Dataset: mdg-nlp/eventx-recognition-original
======================================================
>>> Running inference...
23:52:55 | ============================================================
23:52:55 | NER INFERENCE PIPELINE
23:52:55 |   Model       : mdg-nlp/RoBERTa-eventx-recognition-sentence
23:52:55 |   Dataset     : mdg-nlp/eventx-recognition-original  (split=test)
23:52:55 |   Task        : event
23:52:55 |   Max samples : 400
23:52:55 |   Gold field  : gold_event_expressions
23:52:55 |   Pred field  : post_processed_event_expressions
23:52:55 | ============================================================
23:52:55 | 
Loading dataset: mdg-nlp/eventx-recognition-original
23:52:57 | Processing 400 rows from test split.
23:52:57 | 
Loading model: mdg-nlp/RoBERTa-eventx-recognition-sentence
23:52:57 | Using Token Classification (NER pipeline)
23:52:57 | Loading tokenizer...
23:52:57 | Loading model with NER pipeline...
Device set to use mps
23:52:58 | Ready on mps.
23:52:58 | 
Running inference on 400 texts...
23:52:58 |   Batch 1/25 (16 texts)
23:52:58 |   Batch 2/25 (16 texts)
23:52:58 |   Batch 3/25 (16 texts)
23:52:59 |   Batch 4/25 (16 texts)
23:52:59 |   Batch 5/25 (16 texts)
23:52:59 |   Batch 6/25 (16 texts)
23:52:59 |   Batch 7/25 (16 texts)
23:52:59 |   Batch 8/25 (16 texts)
23:52:59 |   Batch 9/25 (16 texts)
23:52:59 |   Batch 10/25 (16 texts)
23:52:59 |   Batch 11/25 (16 texts)
23:52:59 |   Batch 12/25 (16 texts)
23:52:59 |   Batch 13/25 (16 texts)
23:52:59 |   Batch 14/25 (16 texts)
23:52:59 |   Batch 15/25 (16 texts)
23:53:00 |   Batch 16/25 (16 texts)
23:53:00 |   Batch 17/25 (16 texts)
23:53:00 |   Batch 18/25 (16 texts)
23:53:00 |   Batch 19/25 (16 texts)
23:53:00 |   Batch 20/25 (16 texts)
23:53:00 |   Batch 21/25 (16 texts)
23:53:00 |   Batch 22/25 (16 texts)
23:53:00 |   Batch 23/25 (16 texts)
23:53:00 |   Batch 24/25 (16 texts)
23:53:00 |   Batch 25/25 (16 texts)
23:53:00 | 
Evaluating...
23:53:00 | 
==================================================
23:53:00 | EVALUATION RESULTS
23:53:00 | ==================================================
23:53:00 |   Rows evaluated : 400
23:53:00 |   TP / FP / FN   : 1349 / 276 / 197
23:53:00 | --------------------------------------------------
23:53:00 |   Micro Precision : 0.8302
23:53:00 |   Micro Recall    : 0.8726
23:53:00 |   Micro F1        : 0.8508
23:53:00 | --------------------------------------------------
23:53:00 |   Macro F1        : 0.8537
23:53:00 | ==================================================
23:53:00 | 
Output saved → outputs/mdg-nlp_eventx-recognition-original__mdg-nlp_RoBERTa-eventx-recognition-sentence__predictions.jsonl
23:53:00 |   - Rows 1-400: Individual predictions
23:53:00 |   - Row 401: FINAL_METRICS
23:53:00 | Metrics saved → outputs/mdg-nlp_eventx-recognition-original__mdg-nlp_RoBERTa-eventx-recognition-sentence__predictions_metrics.json
23:53:00 | Done.
✓ Inference completed successfully
>>> Running evaluation...
Loaded 401 rows from outputs/mdg-nlp_eventx-recognition-original__mdg-nlp_RoBERTa-eventx-recognition-sentence__predictions.jsonl

==================================================
EVALUATION RESULTS
==================================================
  Gold field : gold_eventx_expressions
  Pred field : post_processed_eventx_expressions
  Rows       : 401 evaluated / 401 total
--------------------------------------------------
  Micro Precision : 0.0000
  Micro Recall    : 0.0000
  Micro F1        : 0.0000   (TP=0  FP=0  FN=0)
--------------------------------------------------
  Macro F1        : 0.0000
==================================================

Results saved to: results/mdg-nlp_eventx-recognition-original__mdg-nlp_RoBERTa-eventx-recognition-sentence__results.jsonl
  - Rows 1-401: Individual predictions
  - Row 402: FINAL_METRICS (Micro/Macro F1)
Metrics saved to: results/mdg-nlp_eventx-recognition-original__mdg-nlp_RoBERTa-eventx-recognition-sentence__results_metrics.json
✓ Evaluation completed successfully
  Predictions: outputs/mdg-nlp_eventx-recognition-original__mdg-nlp_RoBERTa-eventx-recognition-sentence__predictions.jsonl
  Results: results/mdg-nlp_eventx-recognition-original__mdg-nlp_RoBERTa-eventx-recognition-sentence__results.jsonl
  Metrics: results/mdg-nlp_eventx-recognition-original__mdg-nlp_RoBERTa-eventx-recognition-sentence__results_metrics.json
Progress: 1 successful, 0 failed

======================================================
RUN [2/12]
Model: mdg-nlp/RoBERTa-eventx-recognition-sentence
Dataset: mdg-nlp/eventx-recognition-perturbed
======================================================
>>> Running inference...
23:53:03 | ============================================================
23:53:03 | NER INFERENCE PIPELINE
23:53:03 |   Model       : mdg-nlp/RoBERTa-eventx-recognition-sentence
23:53:03 |   Dataset     : mdg-nlp/eventx-recognition-perturbed  (split=test)
23:53:03 |   Task        : event
23:53:03 |   Max samples : 400
23:53:03 |   Gold field  : gold_event_expressions
23:53:03 |   Pred field  : post_processed_event_expressions
23:53:03 | ============================================================
23:53:03 | 
Loading dataset: mdg-nlp/eventx-recognition-perturbed
23:53:04 | Processing 400 rows from test split.
23:53:04 | 
Loading model: mdg-nlp/RoBERTa-eventx-recognition-sentence
23:53:04 | Using Token Classification (NER pipeline)
23:53:04 | Loading tokenizer...
23:53:05 | Loading model with NER pipeline...
Device set to use mps
23:53:05 | Ready on mps.
23:53:05 | 
Running inference on 400 texts...
23:53:05 |   Batch 1/25 (16 texts)
23:53:05 |   Batch 2/25 (16 texts)
23:53:05 |   Batch 3/25 (16 texts)
23:53:05 |   Batch 4/25 (16 texts)
23:53:05 |   Batch 5/25 (16 texts)
23:53:05 |   Batch 6/25 (16 texts)
23:53:05 |   Batch 7/25 (16 texts)
23:53:05 |   Batch 8/25 (16 texts)
23:53:06 |   Batch 9/25 (16 texts)
23:53:06 |   Batch 10/25 (16 texts)
23:53:06 |   Batch 11/25 (16 texts)
23:53:06 |   Batch 12/25 (16 texts)
23:53:06 |   Batch 13/25 (16 texts)
23:53:06 |   Batch 14/25 (16 texts)
23:53:06 |   Batch 15/25 (16 texts)
23:53:06 |   Batch 16/25 (16 texts)
23:53:06 |   Batch 17/25 (16 texts)
23:53:06 |   Batch 18/25 (16 texts)
23:53:06 |   Batch 19/25 (16 texts)
23:53:06 |   Batch 20/25 (16 texts)
23:53:06 |   Batch 21/25 (16 texts)
23:53:07 |   Batch 22/25 (16 texts)
23:53:07 |   Batch 23/25 (16 texts)
23:53:07 |   Batch 24/25 (16 texts)
23:53:07 |   Batch 25/25 (16 texts)
23:53:07 | 
Evaluating...
23:53:07 | 
==================================================
23:53:07 | EVALUATION RESULTS
23:53:07 | ==================================================
23:53:07 |   Rows evaluated : 400
23:53:07 |   TP / FP / FN   : 1302 / 297 / 244
23:53:07 | --------------------------------------------------
23:53:07 |   Micro Precision : 0.8143
23:53:07 |   Micro Recall    : 0.8422
23:53:07 |   Micro F1        : 0.8280
23:53:07 | --------------------------------------------------
23:53:07 |   Macro F1        : 0.8168
23:53:07 | ==================================================
23:53:07 | 
Output saved → outputs/mdg-nlp_eventx-recognition-perturbed__mdg-nlp_RoBERTa-eventx-recognition-sentence__predictions.jsonl
23:53:07 |   - Rows 1-400: Individual predictions
23:53:07 |   - Row 401: FINAL_METRICS
23:53:07 | Metrics saved → outputs/mdg-nlp_eventx-recognition-perturbed__mdg-nlp_RoBERTa-eventx-recognition-sentence__predictions_metrics.json
23:53:07 | Done.
✓ Inference completed successfully
>>> Running evaluation...
Loaded 401 rows from outputs/mdg-nlp_eventx-recognition-perturbed__mdg-nlp_RoBERTa-eventx-recognition-sentence__predictions.jsonl

==================================================
EVALUATION RESULTS
==================================================
  Gold field : gold_eventx_expressions
  Pred field : post_processed_eventx_expressions
  Rows       : 401 evaluated / 401 total
--------------------------------------------------
  Micro Precision : 0.0000
  Micro Recall    : 0.0000
  Micro F1        : 0.0000   (TP=0  FP=0  FN=0)
--------------------------------------------------
  Macro F1        : 0.0000
==================================================

Results saved to: results/mdg-nlp_eventx-recognition-perturbed__mdg-nlp_RoBERTa-eventx-recognition-sentence__results.jsonl
  - Rows 1-401: Individual predictions
  - Row 402: FINAL_METRICS (Micro/Macro F1)
Metrics saved to: results/mdg-nlp_eventx-recognition-perturbed__mdg-nlp_RoBERTa-eventx-recognition-sentence__results_metrics.json
✓ Evaluation completed successfully
  Predictions: outputs/mdg-nlp_eventx-recognition-perturbed__mdg-nlp_RoBERTa-eventx-recognition-sentence__predictions.jsonl
  Results: results/mdg-nlp_eventx-recognition-perturbed__mdg-nlp_RoBERTa-eventx-recognition-sentence__results.jsonl
  Metrics: results/mdg-nlp_eventx-recognition-perturbed__mdg-nlp_RoBERTa-eventx-recognition-sentence__results_metrics.json
Progress: 2 successful, 0 failed

======================================================
RUN [3/12]
Model: mdg-nlp/RoBERTa-eventx-recognition-sentence
Dataset: mdg-nlp/domain-eventx-recognition-sentence-updated
======================================================
>>> Running inference...
23:53:10 | ============================================================
23:53:10 | NER INFERENCE PIPELINE
23:53:10 |   Model       : mdg-nlp/RoBERTa-eventx-recognition-sentence
23:53:10 |   Dataset     : mdg-nlp/domain-eventx-recognition-sentence-updated  (split=test)
23:53:10 |   Task        : event
23:53:10 |   Max samples : 400
23:53:10 |   Gold field  : gold_event_expressions
23:53:10 |   Pred field  : post_processed_event_expressions
23:53:10 | ============================================================
23:53:10 | 
Loading dataset: mdg-nlp/domain-eventx-recognition-sentence-updated
23:53:12 | Processing 400 rows from test split.
23:53:12 | 
Loading model: mdg-nlp/RoBERTa-eventx-recognition-sentence
23:53:12 | Using Token Classification (NER pipeline)
23:53:12 | Loading tokenizer...
23:53:12 | Loading model with NER pipeline...
Device set to use mps
23:53:13 | Ready on mps.
23:53:13 | 
Running inference on 400 texts...
23:53:13 |   Batch 1/25 (16 texts)
23:53:13 |   Batch 2/25 (16 texts)
23:53:13 |   Batch 3/25 (16 texts)
23:53:13 |   Batch 4/25 (16 texts)
23:53:13 |   Batch 5/25 (16 texts)
23:53:13 |   Batch 6/25 (16 texts)
23:53:13 |   Batch 7/25 (16 texts)
23:53:13 |   Batch 8/25 (16 texts)
23:53:13 |   Batch 9/25 (16 texts)
23:53:13 |   Batch 10/25 (16 texts)
23:53:14 |   Batch 11/25 (16 texts)
23:53:14 |   Batch 12/25 (16 texts)
23:53:14 |   Batch 13/25 (16 texts)
23:53:14 |   Batch 14/25 (16 texts)
23:53:14 |   Batch 15/25 (16 texts)
23:53:14 |   Batch 16/25 (16 texts)
23:53:14 |   Batch 17/25 (16 texts)
23:53:14 |   Batch 18/25 (16 texts)
23:53:14 |   Batch 19/25 (16 texts)
23:53:14 |   Batch 20/25 (16 texts)
23:53:14 |   Batch 21/25 (16 texts)
23:53:14 |   Batch 22/25 (16 texts)
23:53:14 |   Batch 23/25 (16 texts)
23:53:15 |   Batch 24/25 (16 texts)
23:53:15 |   Batch 25/25 (16 texts)
23:53:15 | 
Evaluating...
23:53:15 | 
==================================================
23:53:15 | EVALUATION RESULTS
23:53:15 | ==================================================
23:53:15 |   Rows evaluated : 400
23:53:15 |   TP / FP / FN   : 120 / 564 / 984
23:53:15 | --------------------------------------------------
23:53:15 |   Micro Precision : 0.1754
23:53:15 |   Micro Recall    : 0.1087
23:53:15 |   Micro F1        : 0.1342
23:53:15 | --------------------------------------------------
23:53:15 |   Macro F1        : 0.1014
23:53:15 | ==================================================
23:53:15 | 
Output saved → outputs/mdg-nlp_domain-eventx-recognition-sentence-updated__mdg-nlp_RoBERTa-eventx-recognition-sentence__predictions.jsonl
23:53:15 |   - Rows 1-400: Individual predictions
23:53:15 |   - Row 401: FINAL_METRICS
23:53:15 | Metrics saved → outputs/mdg-nlp_domain-eventx-recognition-sentence-updated__mdg-nlp_RoBERTa-eventx-recognition-sentence__predictions_metrics.json
23:53:15 | Done.
✓ Inference completed successfully
>>> Running evaluation...
Loaded 401 rows from outputs/mdg-nlp_domain-eventx-recognition-sentence-updated__mdg-nlp_RoBERTa-eventx-recognition-sentence__predictions.jsonl

==================================================
EVALUATION RESULTS
==================================================
  Gold field : gold_eventx_expressions
  Pred field : post_processed_eventx_expressions
  Rows       : 401 evaluated / 401 total
--------------------------------------------------
  Micro Precision : 0.0000
  Micro Recall    : 0.0000
  Micro F1        : 0.0000   (TP=0  FP=0  FN=0)
--------------------------------------------------
  Macro F1        : 0.0000
==================================================

Results saved to: results/mdg-nlp_domain-eventx-recognition-sentence-updated__mdg-nlp_RoBERTa-eventx-recognition-sentence__results.jsonl
  - Rows 1-401: Individual predictions
  - Row 402: FINAL_METRICS (Micro/Macro F1)
Metrics saved to: results/mdg-nlp_domain-eventx-recognition-sentence-updated__mdg-nlp_RoBERTa-eventx-recognition-sentence__results_metrics.json
✓ Evaluation completed successfully
  Predictions: outputs/mdg-nlp_domain-eventx-recognition-sentence-updated__mdg-nlp_RoBERTa-eventx-recognition-sentence__predictions.jsonl
  Results: results/mdg-nlp_domain-eventx-recognition-sentence-updated__mdg-nlp_RoBERTa-eventx-recognition-sentence__results.jsonl
  Metrics: results/mdg-nlp_domain-eventx-recognition-sentence-updated__mdg-nlp_RoBERTa-eventx-recognition-sentence__results_metrics.json
Progress: 3 successful, 0 failed

======================================================
RUN [4/12]
Model: mdg-nlp/RoBERTa-eventx-recognition-sentence
Dataset: mdg-nlp/eventx-recognition-sentence-vocab-substituted-updated
======================================================
>>> Running inference...
23:53:17 | ============================================================
23:53:17 | NER INFERENCE PIPELINE
23:53:17 |   Model       : mdg-nlp/RoBERTa-eventx-recognition-sentence
23:53:17 |   Dataset     : mdg-nlp/eventx-recognition-sentence-vocab-substituted-updated  (split=test)
23:53:17 |   Task        : event
23:53:17 |   Max samples : 400
23:53:17 |   Gold field  : gold_event_expressions
23:53:17 |   Pred field  : post_processed_event_expressions
23:53:17 | ============================================================
23:53:17 | 
Loading dataset: mdg-nlp/eventx-recognition-sentence-vocab-substituted-updated
23:53:19 | Processing 400 rows from test split.
23:53:19 | 
Loading model: mdg-nlp/RoBERTa-eventx-recognition-sentence
23:53:19 | Using Token Classification (NER pipeline)
23:53:19 | Loading tokenizer...
23:53:19 | Loading model with NER pipeline...
Device set to use mps
23:53:19 | Ready on mps.
23:53:19 | 
Running inference on 400 texts...
23:53:19 |   Batch 1/25 (16 texts)
23:53:19 |   Batch 2/25 (16 texts)
23:53:19 |   Batch 3/25 (16 texts)
23:53:20 |   Batch 4/25 (16 texts)
23:53:20 |   Batch 5/25 (16 texts)
23:53:20 |   Batch 6/25 (16 texts)
23:53:20 |   Batch 7/25 (16 texts)
23:53:20 |   Batch 8/25 (16 texts)
23:53:20 |   Batch 9/25 (16 texts)
23:53:20 |   Batch 10/25 (16 texts)
23:53:20 |   Batch 11/25 (16 texts)
23:53:20 |   Batch 12/25 (16 texts)
23:53:20 |   Batch 13/25 (16 texts)
23:53:21 |   Batch 14/25 (16 texts)
23:53:21 |   Batch 15/25 (16 texts)
23:53:21 |   Batch 16/25 (16 texts)
23:53:21 |   Batch 17/25 (16 texts)
23:53:21 |   Batch 18/25 (16 texts)
23:53:21 |   Batch 19/25 (16 texts)
23:53:21 |   Batch 20/25 (16 texts)
23:53:21 |   Batch 21/25 (16 texts)
23:53:21 |   Batch 22/25 (16 texts)
23:53:21 |   Batch 23/25 (16 texts)
23:53:21 |   Batch 24/25 (16 texts)
23:53:21 |   Batch 25/25 (16 texts)
23:53:22 | 
Evaluating...
23:53:22 | 
==================================================
23:53:22 | EVALUATION RESULTS
23:53:22 | ==================================================
23:53:22 |   Rows evaluated : 400
23:53:22 |   TP / FP / FN   : 1347 / 270 / 199
23:53:22 | --------------------------------------------------
23:53:22 |   Micro Precision : 0.8330
23:53:22 |   Micro Recall    : 0.8713
23:53:22 |   Micro F1        : 0.8517
23:53:22 | --------------------------------------------------
23:53:22 |   Macro F1        : 0.8560
23:53:22 | ==================================================
23:53:22 | 
Output saved → outputs/mdg-nlp_eventx-recognition-sentence-vocab-substituted-updated__mdg-nlp_RoBERTa-eventx-recognition-sentence__predictions.jsonl
23:53:22 |   - Rows 1-400: Individual predictions
23:53:22 |   - Row 401: FINAL_METRICS
23:53:22 | Metrics saved → outputs/mdg-nlp_eventx-recognition-sentence-vocab-substituted-updated__mdg-nlp_RoBERTa-eventx-recognition-sentence__predictions_metrics.json
23:53:22 | Done.
✓ Inference completed successfully
>>> Running evaluation...
Loaded 401 rows from outputs/mdg-nlp_eventx-recognition-sentence-vocab-substituted-updated__mdg-nlp_RoBERTa-eventx-recognition-sentence__predictions.jsonl

==================================================
EVALUATION RESULTS
==================================================
  Gold field : gold_eventx_expressions
  Pred field : post_processed_eventx_expressions
  Rows       : 401 evaluated / 401 total
--------------------------------------------------
  Micro Precision : 0.0000
  Micro Recall    : 0.0000
  Micro F1        : 0.0000   (TP=0  FP=0  FN=0)
--------------------------------------------------
  Macro F1        : 0.0000
==================================================

Results saved to: results/mdg-nlp_eventx-recognition-sentence-vocab-substituted-updated__mdg-nlp_RoBERTa-eventx-recognition-sentence__results.jsonl
  - Rows 1-401: Individual predictions
  - Row 402: FINAL_METRICS (Micro/Macro F1)
Metrics saved to: results/mdg-nlp_eventx-recognition-sentence-vocab-substituted-updated__mdg-nlp_RoBERTa-eventx-recognition-sentence__results_metrics.json
✓ Evaluation completed successfully
  Predictions: outputs/mdg-nlp_eventx-recognition-sentence-vocab-substituted-updated__mdg-nlp_RoBERTa-eventx-recognition-sentence__predictions.jsonl
  Results: results/mdg-nlp_eventx-recognition-sentence-vocab-substituted-updated__mdg-nlp_RoBERTa-eventx-recognition-sentence__results.jsonl
  Metrics: results/mdg-nlp_eventx-recognition-sentence-vocab-substituted-updated__mdg-nlp_RoBERTa-eventx-recognition-sentence__results_metrics.json
Progress: 4 successful, 0 failed

======================================================
RUN [5/12]
Model: mdg-nlp/T5-eventx-sentence-recognition
Dataset: mdg-nlp/eventx-recognition-original
======================================================
>>> Running inference...
23:53:24 | ============================================================
23:53:24 | NER INFERENCE PIPELINE
23:53:24 |   Model       : mdg-nlp/T5-eventx-sentence-recognition
23:53:24 |   Dataset     : mdg-nlp/eventx-recognition-original  (split=test)
23:53:24 |   Task        : event
23:53:24 |   Max samples : 400
23:53:24 |   Gold field  : gold_event_expressions
23:53:24 |   Pred field  : post_processed_event_expressions
23:53:24 | ============================================================
23:53:24 | 
Loading dataset: mdg-nlp/eventx-recognition-original
23:53:25 | Processing 400 rows from test split.
23:53:25 | 
Loading model: mdg-nlp/T5-eventx-sentence-recognition
23:53:25 | Using Token Classification (NER pipeline)
23:53:25 | Loading tokenizer...
Traceback (most recent call last):
  File "/Users/arnav/.pyenv/versions/3.13.7/lib/python3.13/site-packages/huggingface_hub/utils/_http.py", line 403, in hf_raise_for_status
    response.raise_for_status()
    ~~~~~~~~~~~~~~~~~~~~~~~~~^^
  File "/Users/arnav/.pyenv/versions/3.13.7/lib/python3.13/site-packages/requests/models.py", line 1026, in raise_for_status
    raise HTTPError(http_error_msg, response=self)
requests.exceptions.HTTPError: 404 Client Error: Not Found for url: https://huggingface.co/mdg-nlp/T5-eventx-sentence-recognition/resolve/main/tokenizer_config.json

The above exception was the direct cause of the following exception:

Traceback (most recent call last):
  File "/Users/arnav/.pyenv/versions/3.13.7/lib/python3.13/site-packages/transformers/utils/hub.py", line 479, in cached_files
    hf_hub_download(
    ~~~~~~~~~~~~~~~^
        path_or_repo_id,
        ^^^^^^^^^^^^^^^^
    ...<10 lines>...
        local_files_only=local_files_only,
        ^^^^^^^^^^^^^^^^^^^^^^^^^^^^^^^^^^
    )
    ^
  File "/Users/arnav/.pyenv/versions/3.13.7/lib/python3.13/site-packages/huggingface_hub/utils/_validators.py", line 114, in _inner_fn
    return fn(*args, **kwargs)
  File "/Users/arnav/.pyenv/versions/3.13.7/lib/python3.13/site-packages/huggingface_hub/file_download.py", line 1014, in hf_hub_download
    return _hf_hub_download_to_cache_dir(
        # Destination
    ...<14 lines>...
        force_download=force_download,
    )
  File "/Users/arnav/.pyenv/versions/3.13.7/lib/python3.13/site-packages/huggingface_hub/file_download.py", line 1121, in _hf_hub_download_to_cache_dir
    _raise_on_head_call_error(head_call_error, force_download, local_files_only)
    ~~~~~~~~~~~~~~~~~~~~~~~~~^^^^^^^^^^^^^^^^^^^^^^^^^^^^^^^^^^^^^^^^^^^^^^^^^^^
  File "/Users/arnav/.pyenv/versions/3.13.7/lib/python3.13/site-packages/huggingface_hub/file_download.py", line 1662, in _raise_on_head_call_error
    raise head_call_error
  File "/Users/arnav/.pyenv/versions/3.13.7/lib/python3.13/site-packages/huggingface_hub/file_download.py", line 1550, in _get_metadata_or_catch_error
    metadata = get_hf_file_metadata(
        url=url, proxies=proxies, timeout=etag_timeout, headers=headers, token=token, endpoint=endpoint
    )
  File "/Users/arnav/.pyenv/versions/3.13.7/lib/python3.13/site-packages/huggingface_hub/utils/_validators.py", line 114, in _inner_fn
    return fn(*args, **kwargs)
  File "/Users/arnav/.pyenv/versions/3.13.7/lib/python3.13/site-packages/huggingface_hub/file_download.py", line 1467, in get_hf_file_metadata
    r = _request_wrapper(
        method="HEAD",
    ...<5 lines>...
        timeout=timeout,
    )
  File "/Users/arnav/.pyenv/versions/3.13.7/lib/python3.13/site-packages/huggingface_hub/file_download.py", line 283, in _request_wrapper
    response = _request_wrapper(
        method=method,
    ...<2 lines>...
        **params,
    )
  File "/Users/arnav/.pyenv/versions/3.13.7/lib/python3.13/site-packages/huggingface_hub/file_download.py", line 307, in _request_wrapper
    hf_raise_for_status(response)
    ~~~~~~~~~~~~~~~~~~~^^^^^^^^^^
  File "/Users/arnav/.pyenv/versions/3.13.7/lib/python3.13/site-packages/huggingface_hub/utils/_http.py", line 453, in hf_raise_for_status
    raise _format(RepositoryNotFoundError, message, response) from e
huggingface_hub.errors.RepositoryNotFoundError: 404 Client Error. (Request ID: Root=1-69b4e9c5-1d8b47ab46d0027607b373ce;12954524-8925-45e2-b523-0671fa9f733c)

Repository Not Found for url: https://huggingface.co/mdg-nlp/T5-eventx-sentence-recognition/resolve/main/tokenizer_config.json.
Please make sure you specified the correct `repo_id` and `repo_type`.
If you are trying to access a private or gated repo, make sure you are authenticated. For more details, see https://huggingface.co/docs/huggingface_hub/authentication

The above exception was the direct cause of the following exception:

Traceback (most recent call last):
  File "/Volumes/Github/nlppipelinecode/run.py", line 182, in <module>
    main()
    ~~~~^^
  File "/Volumes/Github/nlppipelinecode/run.py", line 94, in main
    inference = NERInference(
        model_name=args.model,
    ...<3 lines>...
        logger=logger,
    )
  File "/Volumes/Github/nlppipelinecode/pipeline/inference.py", line 53, in __init__
    self.tokenizer = AutoTokenizer.from_pretrained(
                     ~~~~~~~~~~~~~~~~~~~~~~~~~~~~~^
        model_name, use_fast=True, add_prefix_space=True
        ^^^^^^^^^^^^^^^^^^^^^^^^^^^^^^^^^^^^^^^^^^^^^^^^
    )
    ^
  File "/Users/arnav/.pyenv/versions/3.13.7/lib/python3.13/site-packages/transformers/models/auto/tokenization_auto.py", line 1089, in from_pretrained
    tokenizer_config = get_tokenizer_config(pretrained_model_name_or_path, **kwargs)
  File "/Users/arnav/.pyenv/versions/3.13.7/lib/python3.13/site-packages/transformers/models/auto/tokenization_auto.py", line 921, in get_tokenizer_config
    resolved_config_file = cached_file(
        pretrained_model_name_or_path,
    ...<12 lines>...
        _commit_hash=commit_hash,
    )
  File "/Users/arnav/.pyenv/versions/3.13.7/lib/python3.13/site-packages/transformers/utils/hub.py", line 322, in cached_file
    file = cached_files(path_or_repo_id=path_or_repo_id, filenames=[filename], **kwargs)
  File "/Users/arnav/.pyenv/versions/3.13.7/lib/python3.13/site-packages/transformers/utils/hub.py", line 511, in cached_files
    raise OSError(
    ...<4 lines>...
    ) from e
OSError: mdg-nlp/T5-eventx-sentence-recognition is not a local folder and is not a valid model identifier listed on 'https://huggingface.co/models'
If this is a private repository, make sure to pass a token having permission to this repo either by logging in with `hf auth login` or by passing `token=<your_token>`
✓ Inference completed successfully
>>> Running evaluation...
Traceback (most recent call last):
  File "/Volumes/Github/nlppipelinecode/evaluate.py", line 199, in <module>
    main()
    ~~~~^^
  File "/Volumes/Github/nlppipelinecode/evaluate.py", line 162, in main
    with open(args.input, "r", encoding="utf-8") as f:
         ~~~~^^^^^^^^^^^^^^^^^^^^^^^^^^^^^^^^^^^
FileNotFoundError: [Errno 2] No such file or directory: 'outputs/mdg-nlp_eventx-recognition-original__mdg-nlp_T5-eventx-sentence-recognition__predictions.jsonl'
✓ Evaluation completed successfully
  Predictions: outputs/mdg-nlp_eventx-recognition-original__mdg-nlp_T5-eventx-sentence-recognition__predictions.jsonl
  Results: results/mdg-nlp_eventx-recognition-original__mdg-nlp_T5-eventx-sentence-recognition__results.jsonl
  Metrics: results/mdg-nlp_eventx-recognition-original__mdg-nlp_T5-eventx-sentence-recognition__results_metrics.json
Progress: 5 successful, 0 failed

======================================================
RUN [6/12]
Model: mdg-nlp/T5-eventx-sentence-recognition
Dataset: mdg-nlp/eventx-recognition-perturbed
======================================================
>>> Running inference...
23:53:28 | ============================================================
23:53:28 | NER INFERENCE PIPELINE
23:53:28 |   Model       : mdg-nlp/T5-eventx-sentence-recognition
23:53:28 |   Dataset     : mdg-nlp/eventx-recognition-perturbed  (split=test)
23:53:28 |   Task        : event
23:53:28 |   Max samples : 400
23:53:28 |   Gold field  : gold_event_expressions
23:53:28 |   Pred field  : post_processed_event_expressions
23:53:28 | ============================================================
23:53:28 | 
Loading dataset: mdg-nlp/eventx-recognition-perturbed
23:53:29 | Processing 400 rows from test split.
23:53:29 | 
Loading model: mdg-nlp/T5-eventx-sentence-recognition
23:53:29 | Using Token Classification (NER pipeline)
23:53:29 | Loading tokenizer...
Traceback (most recent call last):
  File "/Users/arnav/.pyenv/versions/3.13.7/lib/python3.13/site-packages/huggingface_hub/utils/_http.py", line 403, in hf_raise_for_status
    response.raise_for_status()
    ~~~~~~~~~~~~~~~~~~~~~~~~~^^
  File "/Users/arnav/.pyenv/versions/3.13.7/lib/python3.13/site-packages/requests/models.py", line 1026, in raise_for_status
    raise HTTPError(http_error_msg, response=self)
requests.exceptions.HTTPError: 404 Client Error: Not Found for url: https://huggingface.co/mdg-nlp/T5-eventx-sentence-recognition/resolve/main/tokenizer_config.json

The above exception was the direct cause of the following exception:

Traceback (most recent call last):
  File "/Users/arnav/.pyenv/versions/3.13.7/lib/python3.13/site-packages/transformers/utils/hub.py", line 479, in cached_files
    hf_hub_download(
    ~~~~~~~~~~~~~~~^
        path_or_repo_id,
        ^^^^^^^^^^^^^^^^
    ...<10 lines>...
        local_files_only=local_files_only,
        ^^^^^^^^^^^^^^^^^^^^^^^^^^^^^^^^^^
    )
    ^
  File "/Users/arnav/.pyenv/versions/3.13.7/lib/python3.13/site-packages/huggingface_hub/utils/_validators.py", line 114, in _inner_fn
    return fn(*args, **kwargs)
  File "/Users/arnav/.pyenv/versions/3.13.7/lib/python3.13/site-packages/huggingface_hub/file_download.py", line 1014, in hf_hub_download
    return _hf_hub_download_to_cache_dir(
        # Destination
    ...<14 lines>...
        force_download=force_download,
    )
  File "/Users/arnav/.pyenv/versions/3.13.7/lib/python3.13/site-packages/huggingface_hub/file_download.py", line 1121, in _hf_hub_download_to_cache_dir
    _raise_on_head_call_error(head_call_error, force_download, local_files_only)
    ~~~~~~~~~~~~~~~~~~~~~~~~~^^^^^^^^^^^^^^^^^^^^^^^^^^^^^^^^^^^^^^^^^^^^^^^^^^^
  File "/Users/arnav/.pyenv/versions/3.13.7/lib/python3.13/site-packages/huggingface_hub/file_download.py", line 1662, in _raise_on_head_call_error
    raise head_call_error
  File "/Users/arnav/.pyenv/versions/3.13.7/lib/python3.13/site-packages/huggingface_hub/file_download.py", line 1550, in _get_metadata_or_catch_error
    metadata = get_hf_file_metadata(
        url=url, proxies=proxies, timeout=etag_timeout, headers=headers, token=token, endpoint=endpoint
    )
  File "/Users/arnav/.pyenv/versions/3.13.7/lib/python3.13/site-packages/huggingface_hub/utils/_validators.py", line 114, in _inner_fn
    return fn(*args, **kwargs)
  File "/Users/arnav/.pyenv/versions/3.13.7/lib/python3.13/site-packages/huggingface_hub/file_download.py", line 1467, in get_hf_file_metadata
    r = _request_wrapper(
        method="HEAD",
    ...<5 lines>...
        timeout=timeout,
    )
  File "/Users/arnav/.pyenv/versions/3.13.7/lib/python3.13/site-packages/huggingface_hub/file_download.py", line 283, in _request_wrapper
    response = _request_wrapper(
        method=method,
    ...<2 lines>...
        **params,
    )
  File "/Users/arnav/.pyenv/versions/3.13.7/lib/python3.13/site-packages/huggingface_hub/file_download.py", line 307, in _request_wrapper
    hf_raise_for_status(response)
    ~~~~~~~~~~~~~~~~~~~^^^^^^^^^^
  File "/Users/arnav/.pyenv/versions/3.13.7/lib/python3.13/site-packages/huggingface_hub/utils/_http.py", line 453, in hf_raise_for_status
    raise _format(RepositoryNotFoundError, message, response) from e
huggingface_hub.errors.RepositoryNotFoundError: 404 Client Error. (Request ID: Root=1-69b4e9c9-5841eb481544cd1322a9004e;04f35c62-d52d-4e0a-b4d1-54807aef8f7d)

Repository Not Found for url: https://huggingface.co/mdg-nlp/T5-eventx-sentence-recognition/resolve/main/tokenizer_config.json.
Please make sure you specified the correct `repo_id` and `repo_type`.
If you are trying to access a private or gated repo, make sure you are authenticated. For more details, see https://huggingface.co/docs/huggingface_hub/authentication

The above exception was the direct cause of the following exception:

Traceback (most recent call last):
  File "/Volumes/Github/nlppipelinecode/run.py", line 182, in <module>
    main()
    ~~~~^^
  File "/Volumes/Github/nlppipelinecode/run.py", line 94, in main
    inference = NERInference(
        model_name=args.model,
    ...<3 lines>...
        logger=logger,
    )
  File "/Volumes/Github/nlppipelinecode/pipeline/inference.py", line 53, in __init__
    self.tokenizer = AutoTokenizer.from_pretrained(
                     ~~~~~~~~~~~~~~~~~~~~~~~~~~~~~^
        model_name, use_fast=True, add_prefix_space=True
        ^^^^^^^^^^^^^^^^^^^^^^^^^^^^^^^^^^^^^^^^^^^^^^^^
    )
    ^
  File "/Users/arnav/.pyenv/versions/3.13.7/lib/python3.13/site-packages/transformers/models/auto/tokenization_auto.py", line 1089, in from_pretrained
    tokenizer_config = get_tokenizer_config(pretrained_model_name_or_path, **kwargs)
  File "/Users/arnav/.pyenv/versions/3.13.7/lib/python3.13/site-packages/transformers/models/auto/tokenization_auto.py", line 921, in get_tokenizer_config
    resolved_config_file = cached_file(
        pretrained_model_name_or_path,
    ...<12 lines>...
        _commit_hash=commit_hash,
    )
  File "/Users/arnav/.pyenv/versions/3.13.7/lib/python3.13/site-packages/transformers/utils/hub.py", line 322, in cached_file
    file = cached_files(path_or_repo_id=path_or_repo_id, filenames=[filename], **kwargs)
  File "/Users/arnav/.pyenv/versions/3.13.7/lib/python3.13/site-packages/transformers/utils/hub.py", line 511, in cached_files
    raise OSError(
    ...<4 lines>...
    ) from e
OSError: mdg-nlp/T5-eventx-sentence-recognition is not a local folder and is not a valid model identifier listed on 'https://huggingface.co/models'
If this is a private repository, make sure to pass a token having permission to this repo either by logging in with `hf auth login` or by passing `token=<your_token>`
✓ Inference completed successfully
>>> Running evaluation...
Traceback (most recent call last):
  File "/Volumes/Github/nlppipelinecode/evaluate.py", line 199, in <module>
    main()
    ~~~~^^
  File "/Volumes/Github/nlppipelinecode/evaluate.py", line 162, in main
    with open(args.input, "r", encoding="utf-8") as f:
         ~~~~^^^^^^^^^^^^^^^^^^^^^^^^^^^^^^^^^^^
FileNotFoundError: [Errno 2] No such file or directory: 'outputs/mdg-nlp_eventx-recognition-perturbed__mdg-nlp_T5-eventx-sentence-recognition__predictions.jsonl'
✓ Evaluation completed successfully
  Predictions: outputs/mdg-nlp_eventx-recognition-perturbed__mdg-nlp_T5-eventx-sentence-recognition__predictions.jsonl
  Results: results/mdg-nlp_eventx-recognition-perturbed__mdg-nlp_T5-eventx-sentence-recognition__results.jsonl
  Metrics: results/mdg-nlp_eventx-recognition-perturbed__mdg-nlp_T5-eventx-sentence-recognition__results_metrics.json
Progress: 6 successful, 0 failed

======================================================
RUN [7/12]
Model: mdg-nlp/T5-eventx-sentence-recognition
Dataset: mdg-nlp/domain-eventx-recognition-sentence-updated
======================================================
>>> Running inference...
23:53:32 | ============================================================
23:53:32 | NER INFERENCE PIPELINE
23:53:32 |   Model       : mdg-nlp/T5-eventx-sentence-recognition
23:53:32 |   Dataset     : mdg-nlp/domain-eventx-recognition-sentence-updated  (split=test)
23:53:32 |   Task        : event
23:53:32 |   Max samples : 400
23:53:32 |   Gold field  : gold_event_expressions
23:53:32 |   Pred field  : post_processed_event_expressions
23:53:32 | ============================================================
23:53:32 | 
Loading dataset: mdg-nlp/domain-eventx-recognition-sentence-updated
23:53:33 | Processing 400 rows from test split.
23:53:33 | 
Loading model: mdg-nlp/T5-eventx-sentence-recognition
23:53:33 | Using Token Classification (NER pipeline)
23:53:33 | Loading tokenizer...
Traceback (most recent call last):
  File "/Users/arnav/.pyenv/versions/3.13.7/lib/python3.13/site-packages/huggingface_hub/utils/_http.py", line 403, in hf_raise_for_status
    response.raise_for_status()
    ~~~~~~~~~~~~~~~~~~~~~~~~~^^
  File "/Users/arnav/.pyenv/versions/3.13.7/lib/python3.13/site-packages/requests/models.py", line 1026, in raise_for_status
    raise HTTPError(http_error_msg, response=self)
requests.exceptions.HTTPError: 404 Client Error: Not Found for url: https://huggingface.co/mdg-nlp/T5-eventx-sentence-recognition/resolve/main/tokenizer_config.json

The above exception was the direct cause of the following exception:

Traceback (most recent call last):
  File "/Users/arnav/.pyenv/versions/3.13.7/lib/python3.13/site-packages/transformers/utils/hub.py", line 479, in cached_files
    hf_hub_download(
    ~~~~~~~~~~~~~~~^
        path_or_repo_id,
        ^^^^^^^^^^^^^^^^
    ...<10 lines>...
        local_files_only=local_files_only,
        ^^^^^^^^^^^^^^^^^^^^^^^^^^^^^^^^^^
    )
    ^
  File "/Users/arnav/.pyenv/versions/3.13.7/lib/python3.13/site-packages/huggingface_hub/utils/_validators.py", line 114, in _inner_fn
    return fn(*args, **kwargs)
  File "/Users/arnav/.pyenv/versions/3.13.7/lib/python3.13/site-packages/huggingface_hub/file_download.py", line 1014, in hf_hub_download
    return _hf_hub_download_to_cache_dir(
        # Destination
    ...<14 lines>...
        force_download=force_download,
    )
  File "/Users/arnav/.pyenv/versions/3.13.7/lib/python3.13/site-packages/huggingface_hub/file_download.py", line 1121, in _hf_hub_download_to_cache_dir
    _raise_on_head_call_error(head_call_error, force_download, local_files_only)
    ~~~~~~~~~~~~~~~~~~~~~~~~~^^^^^^^^^^^^^^^^^^^^^^^^^^^^^^^^^^^^^^^^^^^^^^^^^^^
  File "/Users/arnav/.pyenv/versions/3.13.7/lib/python3.13/site-packages/huggingface_hub/file_download.py", line 1662, in _raise_on_head_call_error
    raise head_call_error
  File "/Users/arnav/.pyenv/versions/3.13.7/lib/python3.13/site-packages/huggingface_hub/file_download.py", line 1550, in _get_metadata_or_catch_error
    metadata = get_hf_file_metadata(
        url=url, proxies=proxies, timeout=etag_timeout, headers=headers, token=token, endpoint=endpoint
    )
  File "/Users/arnav/.pyenv/versions/3.13.7/lib/python3.13/site-packages/huggingface_hub/utils/_validators.py", line 114, in _inner_fn
    return fn(*args, **kwargs)
  File "/Users/arnav/.pyenv/versions/3.13.7/lib/python3.13/site-packages/huggingface_hub/file_download.py", line 1467, in get_hf_file_metadata
    r = _request_wrapper(
        method="HEAD",
    ...<5 lines>...
        timeout=timeout,
    )
  File "/Users/arnav/.pyenv/versions/3.13.7/lib/python3.13/site-packages/huggingface_hub/file_download.py", line 283, in _request_wrapper
    response = _request_wrapper(
        method=method,
    ...<2 lines>...
        **params,
    )
  File "/Users/arnav/.pyenv/versions/3.13.7/lib/python3.13/site-packages/huggingface_hub/file_download.py", line 307, in _request_wrapper
    hf_raise_for_status(response)
    ~~~~~~~~~~~~~~~~~~~^^^^^^^^^^
  File "/Users/arnav/.pyenv/versions/3.13.7/lib/python3.13/site-packages/huggingface_hub/utils/_http.py", line 453, in hf_raise_for_status
    raise _format(RepositoryNotFoundError, message, response) from e
huggingface_hub.errors.RepositoryNotFoundError: 404 Client Error. (Request ID: Root=1-69b4e9cd-2a1daa6e7cb0121565934e1a;e75f6d95-cbd7-4aca-855d-b9a2ebfe49d1)

Repository Not Found for url: https://huggingface.co/mdg-nlp/T5-eventx-sentence-recognition/resolve/main/tokenizer_config.json.
Please make sure you specified the correct `repo_id` and `repo_type`.
If you are trying to access a private or gated repo, make sure you are authenticated. For more details, see https://huggingface.co/docs/huggingface_hub/authentication

The above exception was the direct cause of the following exception:

Traceback (most recent call last):
  File "/Volumes/Github/nlppipelinecode/run.py", line 182, in <module>
    main()
    ~~~~^^
  File "/Volumes/Github/nlppipelinecode/run.py", line 94, in main
    inference = NERInference(
        model_name=args.model,
    ...<3 lines>...
        logger=logger,
    )
  File "/Volumes/Github/nlppipelinecode/pipeline/inference.py", line 53, in __init__
    self.tokenizer = AutoTokenizer.from_pretrained(
                     ~~~~~~~~~~~~~~~~~~~~~~~~~~~~~^
        model_name, use_fast=True, add_prefix_space=True
        ^^^^^^^^^^^^^^^^^^^^^^^^^^^^^^^^^^^^^^^^^^^^^^^^
    )
    ^
  File "/Users/arnav/.pyenv/versions/3.13.7/lib/python3.13/site-packages/transformers/models/auto/tokenization_auto.py", line 1089, in from_pretrained
    tokenizer_config = get_tokenizer_config(pretrained_model_name_or_path, **kwargs)
  File "/Users/arnav/.pyenv/versions/3.13.7/lib/python3.13/site-packages/transformers/models/auto/tokenization_auto.py", line 921, in get_tokenizer_config
    resolved_config_file = cached_file(
        pretrained_model_name_or_path,
    ...<12 lines>...
        _commit_hash=commit_hash,
    )
  File "/Users/arnav/.pyenv/versions/3.13.7/lib/python3.13/site-packages/transformers/utils/hub.py", line 322, in cached_file
    file = cached_files(path_or_repo_id=path_or_repo_id, filenames=[filename], **kwargs)
  File "/Users/arnav/.pyenv/versions/3.13.7/lib/python3.13/site-packages/transformers/utils/hub.py", line 511, in cached_files
    raise OSError(
    ...<4 lines>...
    ) from e
OSError: mdg-nlp/T5-eventx-sentence-recognition is not a local folder and is not a valid model identifier listed on 'https://huggingface.co/models'
If this is a private repository, make sure to pass a token having permission to this repo either by logging in with `hf auth login` or by passing `token=<your_token>`
✓ Inference completed successfully
>>> Running evaluation...
Traceback (most recent call last):
  File "/Volumes/Github/nlppipelinecode/evaluate.py", line 199, in <module>
    main()
    ~~~~^^
  File "/Volumes/Github/nlppipelinecode/evaluate.py", line 162, in main
    with open(args.input, "r", encoding="utf-8") as f:
         ~~~~^^^^^^^^^^^^^^^^^^^^^^^^^^^^^^^^^^^
FileNotFoundError: [Errno 2] No such file or directory: 'outputs/mdg-nlp_domain-eventx-recognition-sentence-updated__mdg-nlp_T5-eventx-sentence-recognition__predictions.jsonl'
✓ Evaluation completed successfully
  Predictions: outputs/mdg-nlp_domain-eventx-recognition-sentence-updated__mdg-nlp_T5-eventx-sentence-recognition__predictions.jsonl
  Results: results/mdg-nlp_domain-eventx-recognition-sentence-updated__mdg-nlp_T5-eventx-sentence-recognition__results.jsonl
  Metrics: results/mdg-nlp_domain-eventx-recognition-sentence-updated__mdg-nlp_T5-eventx-sentence-recognition__results_metrics.json
Progress: 7 successful, 0 failed

======================================================
RUN [8/12]
Model: mdg-nlp/T5-eventx-sentence-recognition
Dataset: mdg-nlp/eventx-recognition-sentence-vocab-substituted-updated
======================================================
>>> Running inference...
23:53:36 | ============================================================
23:53:36 | NER INFERENCE PIPELINE
23:53:36 |   Model       : mdg-nlp/T5-eventx-sentence-recognition
23:53:36 |   Dataset     : mdg-nlp/eventx-recognition-sentence-vocab-substituted-updated  (split=test)
23:53:36 |   Task        : event
23:53:36 |   Max samples : 400
23:53:36 |   Gold field  : gold_event_expressions
23:53:36 |   Pred field  : post_processed_event_expressions
23:53:36 | ============================================================
23:53:36 | 
Loading dataset: mdg-nlp/eventx-recognition-sentence-vocab-substituted-updated
23:53:37 | Processing 400 rows from test split.
23:53:37 | 
Loading model: mdg-nlp/T5-eventx-sentence-recognition
23:53:37 | Using Token Classification (NER pipeline)
23:53:37 | Loading tokenizer...
Traceback (most recent call last):
  File "/Users/arnav/.pyenv/versions/3.13.7/lib/python3.13/site-packages/huggingface_hub/utils/_http.py", line 403, in hf_raise_for_status
    response.raise_for_status()
    ~~~~~~~~~~~~~~~~~~~~~~~~~^^
  File "/Users/arnav/.pyenv/versions/3.13.7/lib/python3.13/site-packages/requests/models.py", line 1026, in raise_for_status
    raise HTTPError(http_error_msg, response=self)
requests.exceptions.HTTPError: 404 Client Error: Not Found for url: https://huggingface.co/mdg-nlp/T5-eventx-sentence-recognition/resolve/main/tokenizer_config.json

The above exception was the direct cause of the following exception:

Traceback (most recent call last):
  File "/Users/arnav/.pyenv/versions/3.13.7/lib/python3.13/site-packages/transformers/utils/hub.py", line 479, in cached_files
    hf_hub_download(
    ~~~~~~~~~~~~~~~^
        path_or_repo_id,
        ^^^^^^^^^^^^^^^^
    ...<10 lines>...
        local_files_only=local_files_only,
        ^^^^^^^^^^^^^^^^^^^^^^^^^^^^^^^^^^
    )
    ^
  File "/Users/arnav/.pyenv/versions/3.13.7/lib/python3.13/site-packages/huggingface_hub/utils/_validators.py", line 114, in _inner_fn
    return fn(*args, **kwargs)
  File "/Users/arnav/.pyenv/versions/3.13.7/lib/python3.13/site-packages/huggingface_hub/file_download.py", line 1014, in hf_hub_download
    return _hf_hub_download_to_cache_dir(
        # Destination
    ...<14 lines>...
        force_download=force_download,
    )
  File "/Users/arnav/.pyenv/versions/3.13.7/lib/python3.13/site-packages/huggingface_hub/file_download.py", line 1121, in _hf_hub_download_to_cache_dir
    _raise_on_head_call_error(head_call_error, force_download, local_files_only)
    ~~~~~~~~~~~~~~~~~~~~~~~~~^^^^^^^^^^^^^^^^^^^^^^^^^^^^^^^^^^^^^^^^^^^^^^^^^^^
  File "/Users/arnav/.pyenv/versions/3.13.7/lib/python3.13/site-packages/huggingface_hub/file_download.py", line 1662, in _raise_on_head_call_error
    raise head_call_error
  File "/Users/arnav/.pyenv/versions/3.13.7/lib/python3.13/site-packages/huggingface_hub/file_download.py", line 1550, in _get_metadata_or_catch_error
    metadata = get_hf_file_metadata(
        url=url, proxies=proxies, timeout=etag_timeout, headers=headers, token=token, endpoint=endpoint
    )
  File "/Users/arnav/.pyenv/versions/3.13.7/lib/python3.13/site-packages/huggingface_hub/utils/_validators.py", line 114, in _inner_fn
    return fn(*args, **kwargs)
  File "/Users/arnav/.pyenv/versions/3.13.7/lib/python3.13/site-packages/huggingface_hub/file_download.py", line 1467, in get_hf_file_metadata
    r = _request_wrapper(
        method="HEAD",
    ...<5 lines>...
        timeout=timeout,
    )
  File "/Users/arnav/.pyenv/versions/3.13.7/lib/python3.13/site-packages/huggingface_hub/file_download.py", line 283, in _request_wrapper
    response = _request_wrapper(
        method=method,
    ...<2 lines>...
        **params,
    )
  File "/Users/arnav/.pyenv/versions/3.13.7/lib/python3.13/site-packages/huggingface_hub/file_download.py", line 307, in _request_wrapper
    hf_raise_for_status(response)
    ~~~~~~~~~~~~~~~~~~~^^^^^^^^^^
  File "/Users/arnav/.pyenv/versions/3.13.7/lib/python3.13/site-packages/huggingface_hub/utils/_http.py", line 453, in hf_raise_for_status
    raise _format(RepositoryNotFoundError, message, response) from e
huggingface_hub.errors.RepositoryNotFoundError: 404 Client Error. (Request ID: Root=1-69b4e9d1-010ce90a3630840239589cfc;a464c8fe-c109-46f5-889d-5065583a8c0b)

Repository Not Found for url: https://huggingface.co/mdg-nlp/T5-eventx-sentence-recognition/resolve/main/tokenizer_config.json.
Please make sure you specified the correct `repo_id` and `repo_type`.
If you are trying to access a private or gated repo, make sure you are authenticated. For more details, see https://huggingface.co/docs/huggingface_hub/authentication

The above exception was the direct cause of the following exception:

Traceback (most recent call last):
  File "/Volumes/Github/nlppipelinecode/run.py", line 182, in <module>
    main()
    ~~~~^^
  File "/Volumes/Github/nlppipelinecode/run.py", line 94, in main
    inference = NERInference(
        model_name=args.model,
    ...<3 lines>...
        logger=logger,
    )
  File "/Volumes/Github/nlppipelinecode/pipeline/inference.py", line 53, in __init__
    self.tokenizer = AutoTokenizer.from_pretrained(
                     ~~~~~~~~~~~~~~~~~~~~~~~~~~~~~^
        model_name, use_fast=True, add_prefix_space=True
        ^^^^^^^^^^^^^^^^^^^^^^^^^^^^^^^^^^^^^^^^^^^^^^^^
    )
    ^
  File "/Users/arnav/.pyenv/versions/3.13.7/lib/python3.13/site-packages/transformers/models/auto/tokenization_auto.py", line 1089, in from_pretrained
    tokenizer_config = get_tokenizer_config(pretrained_model_name_or_path, **kwargs)
  File "/Users/arnav/.pyenv/versions/3.13.7/lib/python3.13/site-packages/transformers/models/auto/tokenization_auto.py", line 921, in get_tokenizer_config
    resolved_config_file = cached_file(
        pretrained_model_name_or_path,
    ...<12 lines>...
        _commit_hash=commit_hash,
    )
  File "/Users/arnav/.pyenv/versions/3.13.7/lib/python3.13/site-packages/transformers/utils/hub.py", line 322, in cached_file
    file = cached_files(path_or_repo_id=path_or_repo_id, filenames=[filename], **kwargs)
  File "/Users/arnav/.pyenv/versions/3.13.7/lib/python3.13/site-packages/transformers/utils/hub.py", line 511, in cached_files
    raise OSError(
    ...<4 lines>...
    ) from e
OSError: mdg-nlp/T5-eventx-sentence-recognition is not a local folder and is not a valid model identifier listed on 'https://huggingface.co/models'
If this is a private repository, make sure to pass a token having permission to this repo either by logging in with `hf auth login` or by passing `token=<your_token>`
✓ Inference completed successfully
>>> Running evaluation...
Traceback (most recent call last):
  File "/Volumes/Github/nlppipelinecode/evaluate.py", line 199, in <module>
    main()
    ~~~~^^
  File "/Volumes/Github/nlppipelinecode/evaluate.py", line 162, in main
    with open(args.input, "r", encoding="utf-8") as f:
         ~~~~^^^^^^^^^^^^^^^^^^^^^^^^^^^^^^^^^^^
FileNotFoundError: [Errno 2] No such file or directory: 'outputs/mdg-nlp_eventx-recognition-sentence-vocab-substituted-updated__mdg-nlp_T5-eventx-sentence-recognition__predictions.jsonl'
✓ Evaluation completed successfully
  Predictions: outputs/mdg-nlp_eventx-recognition-sentence-vocab-substituted-updated__mdg-nlp_T5-eventx-sentence-recognition__predictions.jsonl
  Results: results/mdg-nlp_eventx-recognition-sentence-vocab-substituted-updated__mdg-nlp_T5-eventx-sentence-recognition__results.jsonl
  Metrics: results/mdg-nlp_eventx-recognition-sentence-vocab-substituted-updated__mdg-nlp_T5-eventx-sentence-recognition__results_metrics.json
Progress: 8 successful, 0 failed

======================================================
RUN [9/12]
Model: mdg-nlp/gpt-2-eventx-sentence-recognition
Dataset: mdg-nlp/eventx-recognition-original
======================================================
>>> Running inference...
23:53:40 | ============================================================
23:53:40 | NER INFERENCE PIPELINE
23:53:40 |   Model       : mdg-nlp/gpt-2-eventx-sentence-recognition
23:53:40 |   Dataset     : mdg-nlp/eventx-recognition-original  (split=test)
23:53:40 |   Task        : event
23:53:40 |   Max samples : 400
23:53:40 |   Gold field  : gold_event_expressions
23:53:40 |   Pred field  : post_processed_event_expressions
23:53:40 | ============================================================
23:53:40 | 
Loading dataset: mdg-nlp/eventx-recognition-original
23:53:41 | Processing 400 rows from test split.
23:53:41 | 
Loading model: mdg-nlp/gpt-2-eventx-sentence-recognition
23:53:41 | Using Token Classification (NER pipeline)
23:53:41 | Loading tokenizer...
23:53:41 | Loading model with NER pipeline...
Device set to use mps
23:53:42 | Ready on mps.
23:53:42 | 
Running inference on 400 texts...
23:53:42 |   Batch 1/25 (16 texts)
23:53:42 |   Batch 2/25 (16 texts)
23:53:42 |   Batch 3/25 (16 texts)
23:53:42 |   Batch 4/25 (16 texts)
23:53:42 |   Batch 5/25 (16 texts)
23:53:43 |   Batch 6/25 (16 texts)
23:53:43 |   Batch 7/25 (16 texts)
23:53:43 |   Batch 8/25 (16 texts)
23:53:43 |   Batch 9/25 (16 texts)
23:53:43 |   Batch 10/25 (16 texts)
23:53:43 |   Batch 11/25 (16 texts)
23:53:43 |   Batch 12/25 (16 texts)
23:53:43 |   Batch 13/25 (16 texts)
23:53:43 |   Batch 14/25 (16 texts)
23:53:43 |   Batch 15/25 (16 texts)
23:53:43 |   Batch 16/25 (16 texts)
23:53:43 |   Batch 17/25 (16 texts)
23:53:44 |   Batch 18/25 (16 texts)
23:53:44 |   Batch 19/25 (16 texts)
23:53:44 |   Batch 20/25 (16 texts)
23:53:44 |   Batch 21/25 (16 texts)
23:53:44 |   Batch 22/25 (16 texts)
23:53:44 |   Batch 23/25 (16 texts)
23:53:44 |   Batch 24/25 (16 texts)
23:53:44 |   Batch 25/25 (16 texts)
23:53:44 | 
Evaluating...
23:53:44 | 
==================================================
23:53:44 | EVALUATION RESULTS
23:53:44 | ==================================================
23:53:44 |   Rows evaluated : 400
23:53:44 |   TP / FP / FN   : 1317 / 258 / 229
23:53:44 | --------------------------------------------------
23:53:44 |   Micro Precision : 0.8362
23:53:44 |   Micro Recall    : 0.8519
23:53:44 |   Micro F1        : 0.8440
23:53:44 | --------------------------------------------------
23:53:44 |   Macro F1        : 0.8315
23:53:44 | ==================================================
23:53:44 | 
Output saved → outputs/mdg-nlp_eventx-recognition-original__mdg-nlp_gpt-2-eventx-sentence-recognition__predictions.jsonl
23:53:44 |   - Rows 1-400: Individual predictions
23:53:44 |   - Row 401: FINAL_METRICS
23:53:44 | Metrics saved → outputs/mdg-nlp_eventx-recognition-original__mdg-nlp_gpt-2-eventx-sentence-recognition__predictions_metrics.json
23:53:44 | Done.
✓ Inference completed successfully
>>> Running evaluation...
Loaded 401 rows from outputs/mdg-nlp_eventx-recognition-original__mdg-nlp_gpt-2-eventx-sentence-recognition__predictions.jsonl

==================================================
EVALUATION RESULTS
==================================================
  Gold field : gold_eventx_expressions
  Pred field : post_processed_eventx_expressions
  Rows       : 401 evaluated / 401 total
--------------------------------------------------
  Micro Precision : 0.0000
  Micro Recall    : 0.0000
  Micro F1        : 0.0000   (TP=0  FP=0  FN=0)
--------------------------------------------------
  Macro F1        : 0.0000
==================================================

Results saved to: results/mdg-nlp_eventx-recognition-original__mdg-nlp_gpt-2-eventx-sentence-recognition__results.jsonl
  - Rows 1-401: Individual predictions
  - Row 402: FINAL_METRICS (Micro/Macro F1)
Metrics saved to: results/mdg-nlp_eventx-recognition-original__mdg-nlp_gpt-2-eventx-sentence-recognition__results_metrics.json
✓ Evaluation completed successfully
  Predictions: outputs/mdg-nlp_eventx-recognition-original__mdg-nlp_gpt-2-eventx-sentence-recognition__predictions.jsonl
  Results: results/mdg-nlp_eventx-recognition-original__mdg-nlp_gpt-2-eventx-sentence-recognition__results.jsonl
  Metrics: results/mdg-nlp_eventx-recognition-original__mdg-nlp_gpt-2-eventx-sentence-recognition__results_metrics.json
Progress: 9 successful, 0 failed

======================================================
RUN [10/12]
Model: mdg-nlp/gpt-2-eventx-sentence-recognition
Dataset: mdg-nlp/eventx-recognition-perturbed
======================================================
>>> Running inference...
23:53:47 | ============================================================
23:53:47 | NER INFERENCE PIPELINE
23:53:47 |   Model       : mdg-nlp/gpt-2-eventx-sentence-recognition
23:53:47 |   Dataset     : mdg-nlp/eventx-recognition-perturbed  (split=test)
23:53:47 |   Task        : event
23:53:47 |   Max samples : 400
23:53:47 |   Gold field  : gold_event_expressions
23:53:47 |   Pred field  : post_processed_event_expressions
23:53:47 | ============================================================
23:53:47 | 
Loading dataset: mdg-nlp/eventx-recognition-perturbed
23:53:48 | Processing 400 rows from test split.
23:53:48 | 
Loading model: mdg-nlp/gpt-2-eventx-sentence-recognition
23:53:48 | Using Token Classification (NER pipeline)
23:53:48 | Loading tokenizer...
23:53:49 | Loading model with NER pipeline...
Device set to use mps
23:53:49 | Ready on mps.
23:53:49 | 
Running inference on 400 texts...
23:53:49 |   Batch 1/25 (16 texts)
23:53:49 |   Batch 2/25 (16 texts)
23:53:49 |   Batch 3/25 (16 texts)
23:53:49 |   Batch 4/25 (16 texts)
23:53:50 |   Batch 5/25 (16 texts)
23:53:50 |   Batch 6/25 (16 texts)
23:53:50 |   Batch 7/25 (16 texts)
23:53:50 |   Batch 8/25 (16 texts)
23:53:50 |   Batch 9/25 (16 texts)
23:53:50 |   Batch 10/25 (16 texts)
23:53:50 |   Batch 11/25 (16 texts)
23:53:50 |   Batch 12/25 (16 texts)
23:53:50 |   Batch 13/25 (16 texts)
23:53:51 |   Batch 14/25 (16 texts)
23:53:51 |   Batch 15/25 (16 texts)
23:53:51 |   Batch 16/25 (16 texts)
23:53:51 |   Batch 17/25 (16 texts)
23:53:51 |   Batch 18/25 (16 texts)
23:53:51 |   Batch 19/25 (16 texts)
23:53:51 |   Batch 20/25 (16 texts)
23:53:51 |   Batch 21/25 (16 texts)
23:53:51 |   Batch 22/25 (16 texts)
23:53:51 |   Batch 23/25 (16 texts)
23:53:51 |   Batch 24/25 (16 texts)
23:53:51 |   Batch 25/25 (16 texts)
23:53:52 | 
Evaluating...
23:53:52 | 
==================================================
23:53:52 | EVALUATION RESULTS
23:53:52 | ==================================================
23:53:52 |   Rows evaluated : 400
23:53:52 |   TP / FP / FN   : 1263 / 409 / 283
23:53:52 | --------------------------------------------------
23:53:52 |   Micro Precision : 0.7554
23:53:52 |   Micro Recall    : 0.8169
23:53:52 |   Micro F1        : 0.7850
23:53:52 | --------------------------------------------------
23:53:52 |   Macro F1        : 0.7628
23:53:52 | ==================================================
23:53:52 | 
Output saved → outputs/mdg-nlp_eventx-recognition-perturbed__mdg-nlp_gpt-2-eventx-sentence-recognition__predictions.jsonl
23:53:52 |   - Rows 1-400: Individual predictions
23:53:52 |   - Row 401: FINAL_METRICS
23:53:52 | Metrics saved → outputs/mdg-nlp_eventx-recognition-perturbed__mdg-nlp_gpt-2-eventx-sentence-recognition__predictions_metrics.json
23:53:52 | Done.
✓ Inference completed successfully
>>> Running evaluation...
Loaded 401 rows from outputs/mdg-nlp_eventx-recognition-perturbed__mdg-nlp_gpt-2-eventx-sentence-recognition__predictions.jsonl

==================================================
EVALUATION RESULTS
==================================================
  Gold field : gold_eventx_expressions
  Pred field : post_processed_eventx_expressions
  Rows       : 401 evaluated / 401 total
--------------------------------------------------
  Micro Precision : 0.0000
  Micro Recall    : 0.0000
  Micro F1        : 0.0000   (TP=0  FP=0  FN=0)
--------------------------------------------------
  Macro F1        : 0.0000
==================================================

Results saved to: results/mdg-nlp_eventx-recognition-perturbed__mdg-nlp_gpt-2-eventx-sentence-recognition__results.jsonl
  - Rows 1-401: Individual predictions
  - Row 402: FINAL_METRICS (Micro/Macro F1)
Metrics saved to: results/mdg-nlp_eventx-recognition-perturbed__mdg-nlp_gpt-2-eventx-sentence-recognition__results_metrics.json
✓ Evaluation completed successfully
  Predictions: outputs/mdg-nlp_eventx-recognition-perturbed__mdg-nlp_gpt-2-eventx-sentence-recognition__predictions.jsonl
  Results: results/mdg-nlp_eventx-recognition-perturbed__mdg-nlp_gpt-2-eventx-sentence-recognition__results.jsonl
  Metrics: results/mdg-nlp_eventx-recognition-perturbed__mdg-nlp_gpt-2-eventx-sentence-recognition__results_metrics.json
Progress: 10 successful, 0 failed

======================================================
RUN [11/12]
Model: mdg-nlp/gpt-2-eventx-sentence-recognition
Dataset: mdg-nlp/domain-eventx-recognition-sentence-updated
======================================================
>>> Running inference...
23:53:54 | ============================================================
23:53:54 | NER INFERENCE PIPELINE
23:53:54 |   Model       : mdg-nlp/gpt-2-eventx-sentence-recognition
23:53:54 |   Dataset     : mdg-nlp/domain-eventx-recognition-sentence-updated  (split=test)
23:53:54 |   Task        : event
23:53:54 |   Max samples : 400
23:53:54 |   Gold field  : gold_event_expressions
23:53:54 |   Pred field  : post_processed_event_expressions
23:53:54 | ============================================================
23:53:54 | 
Loading dataset: mdg-nlp/domain-eventx-recognition-sentence-updated
23:53:56 | Processing 400 rows from test split.
23:53:56 | 
Loading model: mdg-nlp/gpt-2-eventx-sentence-recognition
23:53:56 | Using Token Classification (NER pipeline)
23:53:56 | Loading tokenizer...
23:53:56 | Loading model with NER pipeline...
Device set to use mps
23:53:56 | Ready on mps.
23:53:56 | 
Running inference on 400 texts...
23:53:56 |   Batch 1/25 (16 texts)
23:53:56 |   Batch 2/25 (16 texts)
23:53:56 |   Batch 3/25 (16 texts)
23:53:57 |   Batch 4/25 (16 texts)
23:53:57 |   Batch 5/25 (16 texts)
23:53:57 |   Batch 6/25 (16 texts)
23:53:57 |   Batch 7/25 (16 texts)
23:53:57 |   Batch 8/25 (16 texts)
23:53:57 |   Batch 9/25 (16 texts)
23:53:57 |   Batch 10/25 (16 texts)
23:53:57 |   Batch 11/25 (16 texts)
23:53:57 |   Batch 12/25 (16 texts)
23:53:57 |   Batch 13/25 (16 texts)
23:53:57 |   Batch 14/25 (16 texts)
23:53:57 |   Batch 15/25 (16 texts)
23:53:57 |   Batch 16/25 (16 texts)
23:53:57 |   Batch 17/25 (16 texts)
23:53:58 |   Batch 18/25 (16 texts)
23:53:58 |   Batch 19/25 (16 texts)
23:53:58 |   Batch 20/25 (16 texts)
23:53:58 |   Batch 21/25 (16 texts)
23:53:58 |   Batch 22/25 (16 texts)
23:53:58 |   Batch 23/25 (16 texts)
23:53:58 |   Batch 24/25 (16 texts)
23:53:58 |   Batch 25/25 (16 texts)
23:53:58 | 
Evaluating...
23:53:58 | 
==================================================
23:53:58 | EVALUATION RESULTS
23:53:58 | ==================================================
23:53:58 |   Rows evaluated : 400
23:53:58 |   TP / FP / FN   : 112 / 529 / 992
23:53:58 | --------------------------------------------------
23:53:58 |   Micro Precision : 0.1747
23:53:58 |   Micro Recall    : 0.1014
23:53:58 |   Micro F1        : 0.1284
23:53:58 | --------------------------------------------------
23:53:58 |   Macro F1        : 0.0956
23:53:58 | ==================================================
23:53:58 | 
Output saved → outputs/mdg-nlp_domain-eventx-recognition-sentence-updated__mdg-nlp_gpt-2-eventx-sentence-recognition__predictions.jsonl
23:53:58 |   - Rows 1-400: Individual predictions
23:53:58 |   - Row 401: FINAL_METRICS
23:53:58 | Metrics saved → outputs/mdg-nlp_domain-eventx-recognition-sentence-updated__mdg-nlp_gpt-2-eventx-sentence-recognition__predictions_metrics.json
23:53:58 | Done.
✓ Inference completed successfully
>>> Running evaluation...
Loaded 401 rows from outputs/mdg-nlp_domain-eventx-recognition-sentence-updated__mdg-nlp_gpt-2-eventx-sentence-recognition__predictions.jsonl

==================================================
EVALUATION RESULTS
==================================================
  Gold field : gold_eventx_expressions
  Pred field : post_processed_eventx_expressions
  Rows       : 401 evaluated / 401 total
--------------------------------------------------
  Micro Precision : 0.0000
  Micro Recall    : 0.0000
  Micro F1        : 0.0000   (TP=0  FP=0  FN=0)
--------------------------------------------------
  Macro F1        : 0.0000
==================================================

Results saved to: results/mdg-nlp_domain-eventx-recognition-sentence-updated__mdg-nlp_gpt-2-eventx-sentence-recognition__results.jsonl
  - Rows 1-401: Individual predictions
  - Row 402: FINAL_METRICS (Micro/Macro F1)
Metrics saved to: results/mdg-nlp_domain-eventx-recognition-sentence-updated__mdg-nlp_gpt-2-eventx-sentence-recognition__results_metrics.json
✓ Evaluation completed successfully
  Predictions: outputs/mdg-nlp_domain-eventx-recognition-sentence-updated__mdg-nlp_gpt-2-eventx-sentence-recognition__predictions.jsonl
  Results: results/mdg-nlp_domain-eventx-recognition-sentence-updated__mdg-nlp_gpt-2-eventx-sentence-recognition__results.jsonl
  Metrics: results/mdg-nlp_domain-eventx-recognition-sentence-updated__mdg-nlp_gpt-2-eventx-sentence-recognition__results_metrics.json
Progress: 11 successful, 0 failed

======================================================
RUN [12/12]
Model: mdg-nlp/gpt-2-eventx-sentence-recognition
Dataset: mdg-nlp/eventx-recognition-sentence-vocab-substituted-updated
======================================================
>>> Running inference...
23:54:01 | ============================================================
23:54:01 | NER INFERENCE PIPELINE
23:54:01 |   Model       : mdg-nlp/gpt-2-eventx-sentence-recognition
23:54:01 |   Dataset     : mdg-nlp/eventx-recognition-sentence-vocab-substituted-updated  (split=test)
23:54:01 |   Task        : event
23:54:01 |   Max samples : 400
23:54:01 |   Gold field  : gold_event_expressions
23:54:01 |   Pred field  : post_processed_event_expressions
23:54:01 | ============================================================
23:54:01 | 
Loading dataset: mdg-nlp/eventx-recognition-sentence-vocab-substituted-updated
23:54:02 | Processing 400 rows from test split.
23:54:02 | 
Loading model: mdg-nlp/gpt-2-eventx-sentence-recognition
23:54:02 | Using Token Classification (NER pipeline)
23:54:02 | Loading tokenizer...
23:54:02 | Loading model with NER pipeline...
Device set to use mps
23:54:03 | Ready on mps.
23:54:03 | 
Running inference on 400 texts...
23:54:03 |   Batch 1/25 (16 texts)
23:54:03 |   Batch 2/25 (16 texts)
23:54:03 |   Batch 3/25 (16 texts)
23:54:03 |   Batch 4/25 (16 texts)
23:54:03 |   Batch 5/25 (16 texts)
23:54:03 |   Batch 6/25 (16 texts)
23:54:03 |   Batch 7/25 (16 texts)
23:54:03 |   Batch 8/25 (16 texts)
23:54:04 |   Batch 9/25 (16 texts)
23:54:04 |   Batch 10/25 (16 texts)
23:54:04 |   Batch 11/25 (16 texts)
23:54:04 |   Batch 12/25 (16 texts)
23:54:04 |   Batch 13/25 (16 texts)
23:54:04 |   Batch 14/25 (16 texts)
23:54:04 |   Batch 15/25 (16 texts)
23:54:04 |   Batch 16/25 (16 texts)
23:54:04 |   Batch 17/25 (16 texts)
23:54:05 |   Batch 18/25 (16 texts)
23:54:05 |   Batch 19/25 (16 texts)
23:54:05 |   Batch 20/25 (16 texts)
23:54:05 |   Batch 21/25 (16 texts)
23:54:05 |   Batch 22/25 (16 texts)
23:54:05 |   Batch 23/25 (16 texts)
23:54:05 |   Batch 24/25 (16 texts)
23:54:05 |   Batch 25/25 (16 texts)
23:54:05 | 
Evaluating...
23:54:05 | 
==================================================
23:54:05 | EVALUATION RESULTS
23:54:05 | ==================================================
23:54:05 |   Rows evaluated : 400
23:54:05 |   TP / FP / FN   : 1319 / 258 / 227
23:54:05 | --------------------------------------------------
23:54:05 |   Micro Precision : 0.8364
23:54:05 |   Micro Recall    : 0.8532
23:54:05 |   Micro F1        : 0.8447
23:54:05 | --------------------------------------------------
23:54:05 |   Macro F1        : 0.8319
23:54:05 | ==================================================
23:54:05 | 
Output saved → outputs/mdg-nlp_eventx-recognition-sentence-vocab-substituted-updated__mdg-nlp_gpt-2-eventx-sentence-recognition__predictions.jsonl
23:54:05 |   - Rows 1-400: Individual predictions
23:54:05 |   - Row 401: FINAL_METRICS
23:54:05 | Metrics saved → outputs/mdg-nlp_eventx-recognition-sentence-vocab-substituted-updated__mdg-nlp_gpt-2-eventx-sentence-recognition__predictions_metrics.json
23:54:05 | Done.
✓ Inference completed successfully
>>> Running evaluation...
Loaded 401 rows from outputs/mdg-nlp_eventx-recognition-sentence-vocab-substituted-updated__mdg-nlp_gpt-2-eventx-sentence-recognition__predictions.jsonl

==================================================
EVALUATION RESULTS
==================================================
  Gold field : gold_eventx_expressions
  Pred field : post_processed_eventx_expressions
  Rows       : 401 evaluated / 401 total
--------------------------------------------------
  Micro Precision : 0.0000
  Micro Recall    : 0.0000
  Micro F1        : 0.0000   (TP=0  FP=0  FN=0)
--------------------------------------------------
  Macro F1        : 0.0000
==================================================

Results saved to: results/mdg-nlp_eventx-recognition-sentence-vocab-substituted-updated__mdg-nlp_gpt-2-eventx-sentence-recognition__results.jsonl
  - Rows 1-401: Individual predictions
  - Row 402: FINAL_METRICS (Micro/Macro F1)
Metrics saved to: results/mdg-nlp_eventx-recognition-sentence-vocab-substituted-updated__mdg-nlp_gpt-2-eventx-sentence-recognition__results_metrics.json
✓ Evaluation completed successfully
  Predictions: outputs/mdg-nlp_eventx-recognition-sentence-vocab-substituted-updated__mdg-nlp_gpt-2-eventx-sentence-recognition__predictions.jsonl
  Results: results/mdg-nlp_eventx-recognition-sentence-vocab-substituted-updated__mdg-nlp_gpt-2-eventx-sentence-recognition__results.jsonl
  Metrics: results/mdg-nlp_eventx-recognition-sentence-vocab-substituted-updated__mdg-nlp_gpt-2-eventx-sentence-recognition__results_metrics.json
Progress: 12 successful, 0 failed

======================================================
EVENTX PIPELINE COMPLETE
======================================================
Finished at: Fri Mar 13 23:54:06 CDT 2026

SUMMARY:
  Total runs: 12
  Successful: 12
  Failed: 0
  Success rate: %   Success rate: %

Outputs: outputs/
Results: results/
Log: logs/eventx_pipeline_20260313_235252.log
======================================================
