======================================================
EVENTX INFERENCE PIPELINE
Started at: Sat Mar 14 00:18:49 CDT 2026
======================================================

Total combinations: 1


======================================================
RUN [1/1]
Model: mdg-nlp/T5-eventx-sentence-recoginition
Dataset: mdg-nlp/eventx-recognition-perturbed
======================================================
>>> Running inference...
00:18:51 | ============================================================
00:18:51 | NER INFERENCE PIPELINE
00:18:51 |   Model       : mdg-nlp/T5-eventx-sentence-recoginition
00:18:51 |   Dataset     : mdg-nlp/eventx-recognition-perturbed  (split=test)
00:18:51 |   Task        : event
00:18:51 |   Max samples : 400
00:18:51 |   Gold field  : gold_event_expressions
00:18:51 |   Pred field  : post_processed_event_expressions
00:18:51 | ============================================================
00:18:51 | 
Loading dataset: mdg-nlp/eventx-recognition-perturbed
00:18:53 | Processing 400 rows from test split.
00:18:53 | 
Loading model: mdg-nlp/T5-eventx-sentence-recoginition
00:18:53 | Using Token Classification (NER pipeline)
00:18:53 | Loading tokenizer...
You set `add_prefix_space`. The tokenizer needs to be converted from the slow tokenizers
You are using the default legacy behaviour of the <class 'transformers.models.t5.tokenization_t5.T5Tokenizer'>. This is expected, and simply means that the `legacy` (previous) behavior will be used so nothing changes for you. If you want to use the new behaviour, set `legacy=False`. This should only be set if you understand what it means, and thoroughly read the reason why this was added as explained in https://github.com/huggingface/transformers/pull/24565
00:18:53 | Loading model with NER pipeline...
Device set to use mps
00:18:53 | Ready on mps.
00:18:53 | 
Running inference on 400 texts...
00:18:53 |   Batch 1/25 (16 texts)
00:18:54 |   Batch 2/25 (16 texts)
00:18:54 |   Batch 3/25 (16 texts)
00:18:54 |   Batch 4/25 (16 texts)
00:18:54 |   Batch 5/25 (16 texts)
00:18:54 |   Batch 6/25 (16 texts)
00:18:54 |   Batch 7/25 (16 texts)
00:18:54 |   Batch 8/25 (16 texts)
00:18:54 |   Batch 9/25 (16 texts)
00:18:55 |   Batch 10/25 (16 texts)
00:18:55 |   Batch 11/25 (16 texts)
00:18:55 |   Batch 12/25 (16 texts)
00:18:55 |   Batch 13/25 (16 texts)
00:18:55 |   Batch 14/25 (16 texts)
00:18:56 |   Batch 15/25 (16 texts)
00:18:56 |   Batch 16/25 (16 texts)
00:18:56 |   Batch 17/25 (16 texts)
00:18:56 |   Batch 18/25 (16 texts)
00:18:57 |   Batch 19/25 (16 texts)
00:18:57 |   Batch 20/25 (16 texts)
00:18:57 |   Batch 21/25 (16 texts)
00:18:57 |   Batch 22/25 (16 texts)
00:18:57 |   Batch 23/25 (16 texts)
00:18:58 |   Batch 24/25 (16 texts)
00:18:58 |   Batch 25/25 (16 texts)
00:18:58 | 
Evaluating...
00:18:58 | 
==================================================
00:18:58 | EVALUATION RESULTS
00:18:58 | ==================================================
00:18:58 |   Rows evaluated : 400
00:18:58 |   TP / FP / FN   : 957 / 571 / 589
00:18:58 | --------------------------------------------------
00:18:58 |   Micro Precision : 0.6263
00:18:58 |   Micro Recall    : 0.6190
00:18:58 |   Micro F1        : 0.6226
00:18:58 | --------------------------------------------------
00:18:58 |   Macro F1        : 0.5980
00:18:58 | ==================================================
00:18:58 | 
Output saved → outputs/mdg-nlp_eventx-recognition-perturbed__mdg-nlp_T5-eventx-sentence-recoginition__predictions.jsonl
00:18:58 |   - Rows 1-400: Individual predictions
00:18:58 |   - Row 401: FINAL_METRICS
00:18:58 | Metrics saved → outputs/mdg-nlp_eventx-recognition-perturbed__mdg-nlp_T5-eventx-sentence-recoginition__predictions_metrics.json
00:18:58 | Done.
✓ Inference completed successfully
>>> Running evaluation...
Loaded 401 rows from outputs/mdg-nlp_eventx-recognition-perturbed__mdg-nlp_T5-eventx-sentence-recoginition__predictions.jsonl

==================================================
EVALUATION RESULTS
==================================================
  Gold field : gold_eventx_expressions
  Pred field : post_processed_eventx_expressions
  Rows       : 401 evaluated / 401 total
--------------------------------------------------
  Micro Precision : 0.0000
  Micro Recall    : 0.0000
  Micro F1        : 0.0000   (TP=0  FP=0  FN=0)
--------------------------------------------------
  Macro F1        : 0.0000
==================================================

Results saved to: results/mdg-nlp_eventx-recognition-perturbed__mdg-nlp_T5-eventx-sentence-recoginition__results.jsonl
  - Rows 1-401: Individual predictions
  - Row 402: FINAL_METRICS (Micro/Macro F1)
Metrics saved to: results/mdg-nlp_eventx-recognition-perturbed__mdg-nlp_T5-eventx-sentence-recoginition__results_metrics.json
✓ Evaluation completed successfully
  Predictions: outputs/mdg-nlp_eventx-recognition-perturbed__mdg-nlp_T5-eventx-sentence-recoginition__predictions.jsonl
  Results: results/mdg-nlp_eventx-recognition-perturbed__mdg-nlp_T5-eventx-sentence-recoginition__results.jsonl
  Metrics: results/mdg-nlp_eventx-recognition-perturbed__mdg-nlp_T5-eventx-sentence-recoginition__results_metrics.json
Progress: 1 successful, 0 failed

======================================================
EVENTX PIPELINE COMPLETE
======================================================
Finished at: Sat Mar 14 00:18:58 CDT 2026

SUMMARY:
  Total runs: 1
  Successful: 1
  Failed: 0
  Success rate: %   Success rate: %

Outputs: outputs/
Results: results/
Log: logs/eventx_pipeline_20260314_001849.log
======================================================
