======================================================
EVENTX INFERENCE PIPELINE
Started at: Fri Mar 13 15:15:27 CDT 2026
======================================================

Total combinations: 45


======================================================
RUN [1/45]
Model: mdg-nlp/RoBERTa-eventx-recognition-sentence
Dataset: mdg-nlp/eventx-recognition-sentence-vocab-substitute
======================================================
>>> Running inference...
15:15:30 | ============================================================
15:15:30 | NER INFERENCE PIPELINE
15:15:30 |   Model       : mdg-nlp/RoBERTa-eventx-recognition-sentence
15:15:30 |   Dataset     : mdg-nlp/eventx-recognition-sentence-vocab-substitute  (split=test)
15:15:30 |   Task        : event
15:15:30 |   Max samples : 400
15:15:30 |   Gold field  : gold_event_expressions
15:15:30 |   Pred field  : post_processed_event_expressions
15:15:30 | ============================================================
15:15:30 | 
Loading dataset: mdg-nlp/eventx-recognition-sentence-vocab-substitute
Traceback (most recent call last):
  File "/Volumes/Github/nlppipelinecode/run.py", line 182, in <module>
    main()
    ~~~~^^
  File "/Volumes/Github/nlppipelinecode/run.py", line 81, in main
    rows = load_hf_dataset(args.dataset)
  File "/Volumes/Github/nlppipelinecode/pipeline/loader.py", line 18, in load_hf_dataset
    ds = load_dataset(dataset_name, split="test")
  File "/Users/arnav/.pyenv/versions/3.13.7/lib/python3.13/site-packages/datasets/load.py", line 2062, in load_dataset
    builder_instance = load_dataset_builder(
        path=path,
    ...<12 lines>...
        **config_kwargs,
    )
  File "/Users/arnav/.pyenv/versions/3.13.7/lib/python3.13/site-packages/datasets/load.py", line 1782, in load_dataset_builder
    dataset_module = dataset_module_factory(
        path,
    ...<8 lines>...
        _require_custom_configs=bool(config_kwargs),
    )
  File "/Users/arnav/.pyenv/versions/3.13.7/lib/python3.13/site-packages/datasets/load.py", line 1652, in dataset_module_factory
    raise e1 from None
  File "/Users/arnav/.pyenv/versions/3.13.7/lib/python3.13/site-packages/datasets/load.py", line 1578, in dataset_module_factory
    raise DatasetNotFoundError(f"Dataset '{path}' doesn't exist on the Hub or cannot be accessed.") from e
datasets.exceptions.DatasetNotFoundError: Dataset 'mdg-nlp/eventx-recognition-sentence-vocab-substitute' doesn't exist on the Hub or cannot be accessed.
✓ Inference completed successfully
>>> Running evaluation...
Traceback (most recent call last):
  File "/Volumes/Github/nlppipelinecode/evaluate.py", line 199, in <module>
    main()
    ~~~~^^
  File "/Volumes/Github/nlppipelinecode/evaluate.py", line 162, in main
    with open(args.input, "r", encoding="utf-8") as f:
         ~~~~^^^^^^^^^^^^^^^^^^^^^^^^^^^^^^^^^^^
FileNotFoundError: [Errno 2] No such file or directory: 'outputs/mdg-nlp_eventx-recognition-sentence-vocab-substitute__mdg-nlp_RoBERTa-eventx-recognition-sentence__predictions.jsonl'
✓ Evaluation completed successfully
  Predictions: outputs/mdg-nlp_eventx-recognition-sentence-vocab-substitute__mdg-nlp_RoBERTa-eventx-recognition-sentence__predictions.jsonl
  Results: results/mdg-nlp_eventx-recognition-sentence-vocab-substitute__mdg-nlp_RoBERTa-eventx-recognition-sentence__results.jsonl
  Metrics: results/mdg-nlp_eventx-recognition-sentence-vocab-substitute__mdg-nlp_RoBERTa-eventx-recognition-sentence__results_metrics.json
Progress: 1 successful, 0 failed

======================================================
RUN [2/45]
Model: mdg-nlp/RoBERTa-eventx-recognition-sentence
Dataset: mdg-nlp/eventx-recognition-perturbed-gpt
======================================================
>>> Running inference...
