======================================================
TIMEX INFERENCE PIPELINE
Started at: Thu Mar 19 16:51:55 CDT 2026
======================================================

Total combinations: 3


======================================================
RUN [1/3]
Model: mdg-nlp/RoBERTa-timex-recognition-sentence
Dataset: mdg-nlp/timex-recognition-sentence-perturbed
======================================================
>>> Running inference...
Traceback (most recent call last):
  File "/Volumes/Github/ner/nerpipeline/run.py", line 22, in <module>
    from pipeline.inference import NERInference
  File "/Volumes/Github/ner/nerpipeline/pipeline/inference.py", line 6, in <module>
    from datasets import load_dataset
ModuleNotFoundError: No module named 'datasets'
 ### Inference completed successfully ### 
Progress: 1 successful, 0 failed

======================================================
RUN [2/3]
Model: mdg-nlp/T5-timex-recognition-sentence
Dataset: mdg-nlp/timex-recognition-sentence-perturbed
======================================================
>>> Running inference...
Traceback (most recent call last):
  File "/Volumes/Github/ner/nerpipeline/run.py", line 22, in <module>
    from pipeline.inference import NERInference
  File "/Volumes/Github/ner/nerpipeline/pipeline/inference.py", line 6, in <module>
    from datasets import load_dataset
ModuleNotFoundError: No module named 'datasets'
 ### Inference completed successfully ### 
Progress: 2 successful, 0 failed

======================================================
RUN [3/3]
Model: mdg-nlp/gpt-2-timex-sentence-recognition
Dataset: mdg-nlp/timex-recognition-sentence-perturbed
======================================================
>>> Running inference...
Traceback (most recent call last):
  File "/Volumes/Github/ner/nerpipeline/run.py", line 22, in <module>
    from pipeline.inference import NERInference
  File "/Volumes/Github/ner/nerpipeline/pipeline/inference.py", line 6, in <module>
    from datasets import load_dataset
ModuleNotFoundError: No module named 'datasets'
 ### Inference completed successfully ### 
Progress: 3 successful, 0 failed

======================================================
TIMEX PIPELINE COMPLETE
======================================================
Finished at: Thu Mar 19 16:51:55 CDT 2026

SUMMARY:
  Total runs: 3
  Successful: 3
  Failed: 0
  Success rate: %   Success rate: %

Outputs: outputs/
Results: results/
Log: logs/timex_pipeline_20260319_165155.log
======================================================
