======================================================
TIMEX INFERENCE PIPELINE
Started at: Tue Mar 24 01:17:44 CDT 2026
======================================================

Total combinations: 1


======================================================
RUN [1/1]
Model: mdg-nlp/T5-timex-recognition-sentence
Dataset: mdg-nlp/timex-recognition-document
======================================================
>>> Running inference...
01:17:46 | ============================================================
01:17:46 | NER INFERENCE PIPELINE
01:17:46 |   Model       : mdg-nlp/T5-timex-recognition-sentence
01:17:46 |   Dataset     : mdg-nlp/timex-recognition-document  (split=test)
01:17:46 |   Task        : time
01:17:46 |   Max samples : 80
01:17:46 |   Gold field  : gold_timex_expressions
01:17:46 |   Pred field  : post_processed_timex_expressions
01:17:46 | ============================================================
01:17:46 | 
Loading dataset: mdg-nlp/timex-recognition-document
01:17:48 | Processing 80 rows from test split.
01:17:48 | 
Loading model: mdg-nlp/T5-timex-recognition-sentence
01:17:48 | Using Token Classification (NER pipeline)
01:17:48 | Loading tokenizer...
You set `add_prefix_space`. The tokenizer needs to be converted from the slow tokenizers
You are using the default legacy behaviour of the <class 'transformers.models.t5.tokenization_t5.T5Tokenizer'>. This is expected, and simply means that the `legacy` (previous) behavior will be used so nothing changes for you. If you want to use the new behaviour, set `legacy=False`. This should only be set if you understand what it means, and thoroughly read the reason why this was added as explained in https://github.com/huggingface/transformers/pull/24565
01:17:48 | Loading model with NER pipeline...
Device set to use mps
01:17:48 | Ready on mps.
01:17:48 | 
Running inference on 80 texts...
01:17:48 |   Batch 1/5 (16 texts)
01:17:48 |   Batch 2/5 (16 texts)
01:17:49 |   Batch 3/5 (16 texts)
01:17:49 |   Batch 4/5 (16 texts)
01:17:49 |   Batch 5/5 (16 texts)
01:17:49 | 
Evaluating...
01:17:49 | 
==================================================
01:17:49 | EVALUATION RESULTS
01:17:49 | ==================================================
01:17:49 |   Rows evaluated : 80
01:17:49 |   TP / FP / FN   : 312 / 106 / 109
01:17:49 | --------------------------------------------------
01:17:49 |   Micro Precision : 0.7464
01:17:49 |   Micro Recall    : 0.7411
01:17:49 |   Micro F1        : 0.7437
01:17:49 | --------------------------------------------------
01:17:49 |   Macro F1        : 0.7637
01:17:49 | ==================================================
01:17:49 | 
Output saved → outputs/mdg-nlp_timex-recognition-document__mdg-nlp_T5-timex-recognition-sentence__predictions.jsonl
01:17:49 |   - Rows 1-80: Individual predictions
01:17:49 |   - Row 81: FINAL_METRICS
01:17:49 | Metrics saved → outputs/mdg-nlp_timex-recognition-document__mdg-nlp_T5-timex-recognition-sentence__predictions_metrics.json
01:17:49 | Done.
 ### Inference completed successfully ### 
Progress: 1 successful, 0 failed

======================================================
TIMEX PIPELINE COMPLETE
======================================================
Finished at: Tue Mar 24 01:17:50 CDT 2026

SUMMARY:
  Total runs: 1
  Successful: 1
  Failed: 0
  Success rate: %   Success rate: %

Outputs: outputs/
Results: results/
Log: logs/timex_pipeline_20260324_011744.log
======================================================
