======================================================
TIMEX INFERENCE PIPELINE
Started at: Tue Mar 24 19:09:49 CDT 2026
======================================================

Total combinations: 6


======================================================
RUN [1/6]
Model: mdg-nlp/T5-timex-recognition-sentence
Dataset: mdg-nlp/timex-recognition-sentence-perturbed-gpt
======================================================
>>> Running inference...
19:09:53 | ============================================================
19:09:53 | NER INFERENCE PIPELINE
19:09:53 |   Model       : mdg-nlp/T5-timex-recognition-sentence
19:09:53 |   Dataset     : mdg-nlp/timex-recognition-sentence-perturbed-gpt  (split=test)
19:09:53 |   Task        : time
19:09:53 |   Max samples : 400
19:09:53 |   Gold field  : gold_timex_expressions
19:09:53 |   Pred field  : post_processed_timex_expressions
19:09:53 | ============================================================
19:09:53 | 
Loading dataset: mdg-nlp/timex-recognition-sentence-perturbed-gpt
19:09:55 | Dataset only has 317 test samples, processing all instead of 400
19:09:55 | Processing 317 rows from test split.
19:09:55 | 
Loading model: mdg-nlp/T5-timex-recognition-sentence
19:09:55 | Using Token Classification (NER pipeline)
19:09:55 | Loading tokenizer...
You set `add_prefix_space`. The tokenizer needs to be converted from the slow tokenizers
You are using the default legacy behaviour of the <class 'transformers.models.t5.tokenization_t5.T5Tokenizer'>. This is expected, and simply means that the `legacy` (previous) behavior will be used so nothing changes for you. If you want to use the new behaviour, set `legacy=False`. This should only be set if you understand what it means, and thoroughly read the reason why this was added as explained in https://github.com/huggingface/transformers/pull/24565
19:09:56 | Loading model with NER pipeline...
Device set to use mps
19:09:56 | Ready on mps.
19:09:56 | 
Running inference on 317 texts...
19:09:56 |   Batch 1/20 (16 texts)
19:09:57 |   Batch 2/20 (16 texts)
19:09:57 |   Batch 3/20 (16 texts)
19:09:57 |   Batch 4/20 (16 texts)
19:09:57 |   Batch 5/20 (16 texts)
19:09:57 |   Batch 6/20 (16 texts)
19:09:57 |   Batch 7/20 (16 texts)
19:09:57 |   Batch 8/20 (16 texts)
19:09:57 |   Batch 9/20 (16 texts)
19:09:57 |   Batch 10/20 (16 texts)
19:09:57 |   Batch 11/20 (16 texts)
19:09:57 |   Batch 12/20 (16 texts)
19:09:57 |   Batch 13/20 (16 texts)
19:09:57 |   Batch 14/20 (16 texts)
19:09:57 |   Batch 15/20 (16 texts)
19:09:58 |   Batch 16/20 (16 texts)
19:09:58 |   Batch 17/20 (16 texts)
19:09:58 |   Batch 18/20 (16 texts)
19:09:58 |   Batch 19/20 (16 texts)
19:09:58 |   Batch 20/20 (13 texts)
19:09:58 | 
Evaluating...
19:09:58 | 
==================================================
19:09:58 | EVALUATION RESULTS
19:09:58 | ==================================================
19:09:58 |   Rows evaluated : 317
19:09:58 |   TP / FP / FN   : 351 / 210 / 115
19:09:58 | --------------------------------------------------
19:09:58 |   Micro Precision : 0.6257
19:09:58 |   Micro Recall    : 0.7532
19:09:58 |   Micro F1        : 0.6835
19:09:58 | --------------------------------------------------
19:09:58 |   Macro F1        : 0.6974
19:09:58 | ==================================================
19:09:58 | 
Output saved → outputs/mdg-nlp_timex-recognition-sentence-perturbed-gpt__mdg-nlp_T5-timex-recognition-sentence__predictions.jsonl
19:09:58 |   - Rows 1-317: Individual predictions
19:09:58 |   - Row 318: FINAL_METRICS
19:09:58 | Metrics saved → outputs/mdg-nlp_timex-recognition-sentence-perturbed-gpt__mdg-nlp_T5-timex-recognition-sentence__predictions_metrics.json
19:09:58 | Done.
 ### Inference completed successfully ### 
Progress: 1 successful, 0 failed

======================================================
RUN [2/6]
Model: mdg-nlp/T5-timex-recognition-sentence
Dataset: mdg-nlp/timex-recognition-sentence-original
======================================================
>>> Running inference...
19:10:01 | ============================================================
19:10:01 | NER INFERENCE PIPELINE
19:10:01 |   Model       : mdg-nlp/T5-timex-recognition-sentence
19:10:01 |   Dataset     : mdg-nlp/timex-recognition-sentence-original  (split=test)
19:10:01 |   Task        : time
19:10:01 |   Max samples : 400
19:10:01 |   Gold field  : gold_timex_expressions
19:10:01 |   Pred field  : post_processed_timex_expressions
19:10:01 | ============================================================
19:10:01 | 
Loading dataset: mdg-nlp/timex-recognition-sentence-original
19:10:03 | Dataset only has 390 test samples, processing all instead of 400
19:10:03 | Processing 390 rows from test split.
19:10:03 | 
Loading model: mdg-nlp/T5-timex-recognition-sentence
19:10:03 | Using Token Classification (NER pipeline)
19:10:03 | Loading tokenizer...
You set `add_prefix_space`. The tokenizer needs to be converted from the slow tokenizers
You are using the default legacy behaviour of the <class 'transformers.models.t5.tokenization_t5.T5Tokenizer'>. This is expected, and simply means that the `legacy` (previous) behavior will be used so nothing changes for you. If you want to use the new behaviour, set `legacy=False`. This should only be set if you understand what it means, and thoroughly read the reason why this was added as explained in https://github.com/huggingface/transformers/pull/24565
19:10:03 | Loading model with NER pipeline...
Device set to use mps
19:10:03 | Ready on mps.
19:10:03 | 
Running inference on 390 texts...
19:10:03 |   Batch 1/25 (16 texts)
19:10:03 |   Batch 2/25 (16 texts)
19:10:03 |   Batch 3/25 (16 texts)
19:10:03 |   Batch 4/25 (16 texts)
19:10:04 |   Batch 5/25 (16 texts)
19:10:04 |   Batch 6/25 (16 texts)
19:10:04 |   Batch 7/25 (16 texts)
19:10:04 |   Batch 8/25 (16 texts)
19:10:04 |   Batch 9/25 (16 texts)
19:10:04 |   Batch 10/25 (16 texts)
19:10:04 |   Batch 11/25 (16 texts)
19:10:04 |   Batch 12/25 (16 texts)
19:10:04 |   Batch 13/25 (16 texts)
19:10:04 |   Batch 14/25 (16 texts)
19:10:04 |   Batch 15/25 (16 texts)
19:10:04 |   Batch 16/25 (16 texts)
19:10:04 |   Batch 17/25 (16 texts)
19:10:04 |   Batch 18/25 (16 texts)
19:10:04 |   Batch 19/25 (16 texts)
19:10:04 |   Batch 20/25 (16 texts)
19:10:04 |   Batch 21/25 (16 texts)
19:10:04 |   Batch 22/25 (16 texts)
19:10:04 |   Batch 23/25 (16 texts)
19:10:04 |   Batch 24/25 (16 texts)
19:10:04 |   Batch 25/25 (6 texts)
19:10:05 | 
Evaluating...
19:10:05 | 
==================================================
19:10:05 | EVALUATION RESULTS
19:10:05 | ==================================================
19:10:05 |   Rows evaluated : 390
19:10:05 |   TP / FP / FN   : 518 / 120 / 73
19:10:05 | --------------------------------------------------
19:10:05 |   Micro Precision : 0.8119
19:10:05 |   Micro Recall    : 0.8765
19:10:05 |   Micro F1        : 0.8430
19:10:05 | --------------------------------------------------
19:10:05 |   Macro F1        : 0.8637
19:10:05 | ==================================================
19:10:05 | 
Output saved → outputs/mdg-nlp_timex-recognition-sentence-original__mdg-nlp_T5-timex-recognition-sentence__predictions.jsonl
19:10:05 |   - Rows 1-390: Individual predictions
19:10:05 |   - Row 391: FINAL_METRICS
19:10:05 | Metrics saved → outputs/mdg-nlp_timex-recognition-sentence-original__mdg-nlp_T5-timex-recognition-sentence__predictions_metrics.json
19:10:05 | Done.
 ### Inference completed successfully ### 
Progress: 2 successful, 0 failed

======================================================
RUN [3/6]
Model: mdg-nlp/T5-timex-recognition-sentence
Dataset: mdg-nlp/timex-recognition-sentence-adversarial
======================================================
>>> Running inference...
19:10:07 | ============================================================
19:10:07 | NER INFERENCE PIPELINE
19:10:07 |   Model       : mdg-nlp/T5-timex-recognition-sentence
19:10:07 |   Dataset     : mdg-nlp/timex-recognition-sentence-adversarial  (split=test)
19:10:07 |   Task        : time
19:10:07 |   Max samples : 400
19:10:07 |   Gold field  : gold_timex_expressions
19:10:07 |   Pred field  : post_processed_timex_expressions
19:10:07 | ============================================================
19:10:07 | 
Loading dataset: mdg-nlp/timex-recognition-sentence-adversarial
19:10:09 | Dataset only has 390 test samples, processing all instead of 400
19:10:09 | Processing 390 rows from test split.
19:10:09 | 
Loading model: mdg-nlp/T5-timex-recognition-sentence
19:10:09 | Using Token Classification (NER pipeline)
19:10:09 | Loading tokenizer...
You set `add_prefix_space`. The tokenizer needs to be converted from the slow tokenizers
You are using the default legacy behaviour of the <class 'transformers.models.t5.tokenization_t5.T5Tokenizer'>. This is expected, and simply means that the `legacy` (previous) behavior will be used so nothing changes for you. If you want to use the new behaviour, set `legacy=False`. This should only be set if you understand what it means, and thoroughly read the reason why this was added as explained in https://github.com/huggingface/transformers/pull/24565
19:10:09 | Loading model with NER pipeline...
Device set to use mps
19:10:10 | Ready on mps.
19:10:10 | 
Running inference on 390 texts...
19:10:10 |   Batch 1/25 (16 texts)
19:10:10 |   Batch 2/25 (16 texts)
19:10:10 |   Batch 3/25 (16 texts)
19:10:10 |   Batch 4/25 (16 texts)
19:10:10 |   Batch 5/25 (16 texts)
19:10:10 |   Batch 6/25 (16 texts)
19:10:10 |   Batch 7/25 (16 texts)
19:10:10 |   Batch 8/25 (16 texts)
19:10:10 |   Batch 9/25 (16 texts)
19:10:10 |   Batch 10/25 (16 texts)
19:10:10 |   Batch 11/25 (16 texts)
19:10:10 |   Batch 12/25 (16 texts)
19:10:10 |   Batch 13/25 (16 texts)
19:10:10 |   Batch 14/25 (16 texts)
19:10:10 |   Batch 15/25 (16 texts)
19:10:10 |   Batch 16/25 (16 texts)
19:10:10 |   Batch 17/25 (16 texts)
19:10:10 |   Batch 18/25 (16 texts)
19:10:11 |   Batch 19/25 (16 texts)
19:10:11 |   Batch 20/25 (16 texts)
19:10:11 |   Batch 21/25 (16 texts)
19:10:11 |   Batch 22/25 (16 texts)
19:10:11 |   Batch 23/25 (16 texts)
19:10:11 |   Batch 24/25 (16 texts)
19:10:11 |   Batch 25/25 (6 texts)
19:10:11 | 
Evaluating...
19:10:11 | 
==================================================
19:10:11 | EVALUATION RESULTS
19:10:11 | ==================================================
19:10:11 |   Rows evaluated : 390
19:10:11 |   TP / FP / FN   : 515 / 137 / 76
19:10:11 | --------------------------------------------------
19:10:11 |   Micro Precision : 0.7899
19:10:11 |   Micro Recall    : 0.8714
19:10:11 |   Micro F1        : 0.8286
19:10:11 | --------------------------------------------------
19:10:11 |   Macro F1        : 0.8457
19:10:11 | ==================================================
19:10:11 | 
Output saved → outputs/mdg-nlp_timex-recognition-sentence-adversarial__mdg-nlp_T5-timex-recognition-sentence__predictions.jsonl
19:10:11 |   - Rows 1-390: Individual predictions
19:10:11 |   - Row 391: FINAL_METRICS
19:10:11 | Metrics saved → outputs/mdg-nlp_timex-recognition-sentence-adversarial__mdg-nlp_T5-timex-recognition-sentence__predictions_metrics.json
19:10:11 | Done.
 ### Inference completed successfully ### 
Progress: 3 successful, 0 failed

======================================================
RUN [4/6]
Model: mdg-nlp/T5-timex-recognition-sentence
Dataset: mdg-nlp/domain-timex-recognition-sentence-updated
======================================================
>>> Running inference...
19:10:13 | ============================================================
19:10:13 | NER INFERENCE PIPELINE
19:10:13 |   Model       : mdg-nlp/T5-timex-recognition-sentence
19:10:13 |   Dataset     : mdg-nlp/domain-timex-recognition-sentence-updated  (split=test)
19:10:13 |   Task        : time
19:10:13 |   Max samples : 400
19:10:13 |   Gold field  : gold_timex_expressions
19:10:13 |   Pred field  : post_processed_timex_expressions
19:10:13 | ============================================================
19:10:13 | 
Loading dataset: mdg-nlp/domain-timex-recognition-sentence-updated
19:10:15 | Processing 400 rows from test split.
19:10:15 | 
Loading model: mdg-nlp/T5-timex-recognition-sentence
19:10:15 | Using Token Classification (NER pipeline)
19:10:15 | Loading tokenizer...
You set `add_prefix_space`. The tokenizer needs to be converted from the slow tokenizers
You are using the default legacy behaviour of the <class 'transformers.models.t5.tokenization_t5.T5Tokenizer'>. This is expected, and simply means that the `legacy` (previous) behavior will be used so nothing changes for you. If you want to use the new behaviour, set `legacy=False`. This should only be set if you understand what it means, and thoroughly read the reason why this was added as explained in https://github.com/huggingface/transformers/pull/24565
19:10:15 | Loading model with NER pipeline...
Device set to use mps
19:10:16 | Ready on mps.
19:10:16 | 
Running inference on 400 texts...
19:10:16 |   Batch 1/25 (16 texts)
19:10:16 |   Batch 2/25 (16 texts)
19:10:16 |   Batch 3/25 (16 texts)
19:10:16 |   Batch 4/25 (16 texts)
19:10:16 |   Batch 5/25 (16 texts)
19:10:16 |   Batch 6/25 (16 texts)
19:10:16 |   Batch 7/25 (16 texts)
19:10:16 |   Batch 8/25 (16 texts)
19:10:16 |   Batch 9/25 (16 texts)
19:10:16 |   Batch 10/25 (16 texts)
19:10:16 |   Batch 11/25 (16 texts)
19:10:16 |   Batch 12/25 (16 texts)
19:10:16 |   Batch 13/25 (16 texts)
19:10:16 |   Batch 14/25 (16 texts)
19:10:16 |   Batch 15/25 (16 texts)
19:10:16 |   Batch 16/25 (16 texts)
19:10:17 |   Batch 17/25 (16 texts)
19:10:17 |   Batch 18/25 (16 texts)
19:10:17 |   Batch 19/25 (16 texts)
19:10:17 |   Batch 20/25 (16 texts)
19:10:17 |   Batch 21/25 (16 texts)
19:10:17 |   Batch 22/25 (16 texts)
19:10:17 |   Batch 23/25 (16 texts)
19:10:17 |   Batch 24/25 (16 texts)
19:10:17 |   Batch 25/25 (16 texts)
19:10:17 | 
Evaluating...
19:10:17 | 
==================================================
19:10:17 | EVALUATION RESULTS
19:10:17 | ==================================================
19:10:17 |   Rows evaluated : 400
19:10:17 |   TP / FP / FN   : 195 / 227 / 325
19:10:17 | --------------------------------------------------
19:10:17 |   Micro Precision : 0.4621
19:10:17 |   Micro Recall    : 0.3750
19:10:17 |   Micro F1        : 0.4140
19:10:17 | --------------------------------------------------
19:10:17 |   Macro F1        : 0.3915
19:10:17 | ==================================================
19:10:17 | 
Output saved → outputs/mdg-nlp_domain-timex-recognition-sentence-updated__mdg-nlp_T5-timex-recognition-sentence__predictions.jsonl
19:10:17 |   - Rows 1-400: Individual predictions
19:10:17 |   - Row 401: FINAL_METRICS
19:10:17 | Metrics saved → outputs/mdg-nlp_domain-timex-recognition-sentence-updated__mdg-nlp_T5-timex-recognition-sentence__predictions_metrics.json
19:10:17 | Done.
 ### Inference completed successfully ### 
Progress: 4 successful, 0 failed

======================================================
RUN [5/6]
Model: mdg-nlp/T5-timex-recognition-sentence
Dataset: mdg-nlp/timex-recognition-sentence-vocab-substituted-updated
======================================================
>>> Running inference...
19:10:20 | ============================================================
19:10:20 | NER INFERENCE PIPELINE
19:10:20 |   Model       : mdg-nlp/T5-timex-recognition-sentence
19:10:20 |   Dataset     : mdg-nlp/timex-recognition-sentence-vocab-substituted-updated  (split=test)
19:10:20 |   Task        : time
19:10:20 |   Max samples : 400
19:10:20 |   Gold field  : gold_timex_expressions
19:10:20 |   Pred field  : post_processed_timex_expressions
19:10:20 | ============================================================
19:10:20 | 
Loading dataset: mdg-nlp/timex-recognition-sentence-vocab-substituted-updated
19:10:21 | Dataset only has 390 test samples, processing all instead of 400
19:10:21 | Processing 390 rows from test split.
19:10:21 | 
Loading model: mdg-nlp/T5-timex-recognition-sentence
19:10:21 | Using Token Classification (NER pipeline)
19:10:21 | Loading tokenizer...
You set `add_prefix_space`. The tokenizer needs to be converted from the slow tokenizers
You are using the default legacy behaviour of the <class 'transformers.models.t5.tokenization_t5.T5Tokenizer'>. This is expected, and simply means that the `legacy` (previous) behavior will be used so nothing changes for you. If you want to use the new behaviour, set `legacy=False`. This should only be set if you understand what it means, and thoroughly read the reason why this was added as explained in https://github.com/huggingface/transformers/pull/24565
19:10:22 | Loading model with NER pipeline...
Device set to use mps
19:10:22 | Ready on mps.
19:10:22 | 
Running inference on 390 texts...
19:10:22 |   Batch 1/25 (16 texts)
19:10:22 |   Batch 2/25 (16 texts)
19:10:22 |   Batch 3/25 (16 texts)
19:10:22 |   Batch 4/25 (16 texts)
19:10:22 |   Batch 5/25 (16 texts)
19:10:22 |   Batch 6/25 (16 texts)
19:10:22 |   Batch 7/25 (16 texts)
19:10:22 |   Batch 8/25 (16 texts)
19:10:22 |   Batch 9/25 (16 texts)
19:10:22 |   Batch 10/25 (16 texts)
19:10:22 |   Batch 11/25 (16 texts)
19:10:23 |   Batch 12/25 (16 texts)
19:10:23 |   Batch 13/25 (16 texts)
19:10:23 |   Batch 14/25 (16 texts)
19:10:23 |   Batch 15/25 (16 texts)
19:10:23 |   Batch 16/25 (16 texts)
19:10:23 |   Batch 17/25 (16 texts)
19:10:23 |   Batch 18/25 (16 texts)
19:10:23 |   Batch 19/25 (16 texts)
19:10:23 |   Batch 20/25 (16 texts)
19:10:23 |   Batch 21/25 (16 texts)
19:10:23 |   Batch 22/25 (16 texts)
19:10:23 |   Batch 23/25 (16 texts)
19:10:23 |   Batch 24/25 (16 texts)
19:10:23 |   Batch 25/25 (6 texts)
19:10:23 | 
Evaluating...
19:10:23 | 
==================================================
19:10:23 | EVALUATION RESULTS
19:10:23 | ==================================================
19:10:23 |   Rows evaluated : 390
19:10:23 |   TP / FP / FN   : 516 / 119 / 75
19:10:23 | --------------------------------------------------
19:10:23 |   Micro Precision : 0.8126
19:10:23 |   Micro Recall    : 0.8731
19:10:23 |   Micro F1        : 0.8418
19:10:23 | --------------------------------------------------
19:10:23 |   Macro F1        : 0.8596
19:10:23 | ==================================================
19:10:23 | 
Output saved → outputs/mdg-nlp_timex-recognition-sentence-vocab-substituted-updated__mdg-nlp_T5-timex-recognition-sentence__predictions.jsonl
19:10:23 |   - Rows 1-390: Individual predictions
19:10:23 |   - Row 391: FINAL_METRICS
19:10:23 | Metrics saved → outputs/mdg-nlp_timex-recognition-sentence-vocab-substituted-updated__mdg-nlp_T5-timex-recognition-sentence__predictions_metrics.json
19:10:23 | Done.
 ### Inference completed successfully ### 
Progress: 5 successful, 0 failed

======================================================
RUN [6/6]
Model: mdg-nlp/T5-timex-recognition-sentence
Dataset: mdg-nlp/timex-recognition-sentence-perturbed
======================================================
>>> Running inference...
19:10:26 | ============================================================
19:10:26 | NER INFERENCE PIPELINE
19:10:26 |   Model       : mdg-nlp/T5-timex-recognition-sentence
19:10:26 |   Dataset     : mdg-nlp/timex-recognition-sentence-perturbed  (split=test)
19:10:26 |   Task        : time
19:10:26 |   Max samples : 400
19:10:26 |   Gold field  : gold_timex_expressions
19:10:26 |   Pred field  : post_processed_timex_expressions
19:10:26 | ============================================================
19:10:26 | 
Loading dataset: mdg-nlp/timex-recognition-sentence-perturbed
19:10:28 | Dataset only has 317 test samples, processing all instead of 400
19:10:28 | Processing 317 rows from test split.
19:10:28 | 
Loading model: mdg-nlp/T5-timex-recognition-sentence
19:10:28 | Using Token Classification (NER pipeline)
19:10:28 | Loading tokenizer...
You set `add_prefix_space`. The tokenizer needs to be converted from the slow tokenizers
You are using the default legacy behaviour of the <class 'transformers.models.t5.tokenization_t5.T5Tokenizer'>. This is expected, and simply means that the `legacy` (previous) behavior will be used so nothing changes for you. If you want to use the new behaviour, set `legacy=False`. This should only be set if you understand what it means, and thoroughly read the reason why this was added as explained in https://github.com/huggingface/transformers/pull/24565
19:10:29 | Loading model with NER pipeline...
Device set to use mps
19:10:29 | Ready on mps.
19:10:29 | 
Running inference on 317 texts...
19:10:29 |   Batch 1/20 (16 texts)
19:10:29 |   Batch 2/20 (16 texts)
19:10:29 |   Batch 3/20 (16 texts)
19:10:29 |   Batch 4/20 (16 texts)
19:10:29 |   Batch 5/20 (16 texts)
19:10:29 |   Batch 6/20 (16 texts)
19:10:29 |   Batch 7/20 (16 texts)
19:10:29 |   Batch 8/20 (16 texts)
19:10:29 |   Batch 9/20 (16 texts)
19:10:29 |   Batch 10/20 (16 texts)
19:10:30 |   Batch 11/20 (16 texts)
19:10:30 |   Batch 12/20 (16 texts)
19:10:30 |   Batch 13/20 (16 texts)
19:10:30 |   Batch 14/20 (16 texts)
19:10:30 |   Batch 15/20 (16 texts)
19:10:30 |   Batch 16/20 (16 texts)
19:10:30 |   Batch 17/20 (16 texts)
19:10:30 |   Batch 18/20 (16 texts)
19:10:30 |   Batch 19/20 (16 texts)
19:10:30 |   Batch 20/20 (13 texts)
19:10:30 | 
Evaluating...
19:10:30 | 
==================================================
19:10:30 | EVALUATION RESULTS
19:10:30 | ==================================================
19:10:30 |   Rows evaluated : 317
19:10:30 |   TP / FP / FN   : 351 / 210 / 115
19:10:30 | --------------------------------------------------
19:10:30 |   Micro Precision : 0.6257
19:10:30 |   Micro Recall    : 0.7532
19:10:30 |   Micro F1        : 0.6835
19:10:30 | --------------------------------------------------
19:10:30 |   Macro F1        : 0.6974
19:10:30 | ==================================================
19:10:30 | 
Output saved → outputs/mdg-nlp_timex-recognition-sentence-perturbed__mdg-nlp_T5-timex-recognition-sentence__predictions.jsonl
19:10:30 |   - Rows 1-317: Individual predictions
19:10:30 |   - Row 318: FINAL_METRICS
19:10:30 | Metrics saved → outputs/mdg-nlp_timex-recognition-sentence-perturbed__mdg-nlp_T5-timex-recognition-sentence__predictions_metrics.json
19:10:30 | Done.
 ### Inference completed successfully ### 
Progress: 6 successful, 0 failed

======================================================
TIMEX PIPELINE COMPLETE
======================================================
Finished at: Tue Mar 24 19:10:31 CDT 2026

SUMMARY:
  Total runs: 6
  Successful: 6
  Failed: 0
  Success rate: %   Success rate: %

Outputs: outputs/
Results: results/
Log: logs/timex_pipeline_20260324_190949.log
======================================================
