======================================================
TIMEX INFERENCE PIPELINE
Started at: Tue Mar 24 19:55:56 CDT 2026
======================================================

Total combinations: 1


======================================================
RUN [1/1]
Model: mdg-nlp/T5-timex-recognition-sentence
Dataset: mdg-nlp/domain-timex-recognition-sentence-updated
======================================================
>>> Running inference...
19:55:58 | ============================================================
19:55:58 | NER INFERENCE PIPELINE
19:55:58 |   Model       : mdg-nlp/T5-timex-recognition-sentence
19:55:58 |   Dataset     : mdg-nlp/domain-timex-recognition-sentence-updated  (split=test)
19:55:58 |   Task        : time
19:55:58 |   Max samples : 80
19:55:58 |   Gold field  : gold_timex_expressions
19:55:58 |   Pred field  : post_processed_timex_expressions
19:55:58 | ============================================================
19:55:58 | 
Loading dataset: mdg-nlp/domain-timex-recognition-sentence-updated
19:56:00 | Processing 80 rows from test split.
19:56:00 | 
Loading model: mdg-nlp/T5-timex-recognition-sentence
19:56:00 | Using Token Classification (NER pipeline)
19:56:00 | Loading tokenizer...
You set `add_prefix_space`. The tokenizer needs to be converted from the slow tokenizers
You are using the default legacy behaviour of the <class 'transformers.models.t5.tokenization_t5.T5Tokenizer'>. This is expected, and simply means that the `legacy` (previous) behavior will be used so nothing changes for you. If you want to use the new behaviour, set `legacy=False`. This should only be set if you understand what it means, and thoroughly read the reason why this was added as explained in https://github.com/huggingface/transformers/pull/24565
19:56:00 | Loading model with NER pipeline...
Device set to use mps
19:56:01 | Ready on mps.
19:56:01 | 
Running inference on 80 texts...
19:56:01 |   Batch 1/5 (16 texts)
19:56:01 |   Batch 2/5 (16 texts)
19:56:01 |   Batch 3/5 (16 texts)
19:56:01 |   Batch 4/5 (16 texts)
19:56:01 |   Batch 5/5 (16 texts)
19:56:01 | 
Evaluating...
19:56:01 | 
==================================================
19:56:01 | EVALUATION RESULTS
19:56:01 | ==================================================
19:56:01 |   Rows evaluated : 80
19:56:01 |   TP / FP / FN   : 48 / 45 / 54
19:56:01 | --------------------------------------------------
19:56:01 |   Micro Precision : 0.5161
19:56:01 |   Micro Recall    : 0.4706
19:56:01 |   Micro F1        : 0.4923
19:56:01 | --------------------------------------------------
19:56:01 |   Macro F1        : 0.4779
19:56:01 | ==================================================
19:56:01 | 
Output saved → outputs/mdg-nlp_domain-timex-recognition-sentence-updated__mdg-nlp_T5-timex-recognition-sentence__predictions.jsonl
19:56:01 |   - Rows 1-80: Individual predictions
19:56:01 |   - Row 81: FINAL_METRICS
19:56:01 | Metrics saved → outputs/mdg-nlp_domain-timex-recognition-sentence-updated__mdg-nlp_T5-timex-recognition-sentence__predictions_metrics.json
19:56:01 | Done.
 ### Inference completed successfully ### 
Progress: 1 successful, 0 failed

======================================================
TIMEX PIPELINE COMPLETE
======================================================
Finished at: Tue Mar 24 19:56:01 CDT 2026

SUMMARY:
  Total runs: 1
  Successful: 1
  Failed: 0
  Success rate: %   Success rate: %

Outputs: outputs/
Results: results/
Log: logs/timex_pipeline_20260324_195556.log
======================================================
