======================================================
EVENTX INFERENCE PIPELINE
Started at: Fri Mar 13 05:03:13 CDT 2026
======================================================

Total combinations: 45


======================================================
RUN [1/45]
Model: mdg-nlp/RoBERTa-eventx-recognition-sentence
Dataset: mdg-nlp/eventtx-recognition-sentence-vocab-substitute
======================================================
>>> Running inference...
05:03:16 | ============================================================
05:03:16 | NER INFERENCE PIPELINE
05:03:16 |   Model       : mdg-nlp/RoBERTa-eventx-recognition-sentence
05:03:16 |   Dataset     : mdg-nlp/eventtx-recognition-sentence-vocab-substitute  (split=test)
05:03:16 |   Task        : event
05:03:16 |   Max samples : 400
05:03:16 |   Gold field  : gold_event_expressions
05:03:16 |   Pred field  : post_processed_event_expressions
05:03:16 | ============================================================
05:03:16 | 
Loading dataset: mdg-nlp/eventtx-recognition-sentence-vocab-substitute
Traceback (most recent call last):
  File "/Volumes/Github/nlppipelinecode/run.py", line 182, in <module>
    main()
    ~~~~^^
  File "/Volumes/Github/nlppipelinecode/run.py", line 81, in main
    rows = load_hf_dataset(args.dataset)
  File "/Volumes/Github/nlppipelinecode/pipeline/loader.py", line 18, in load_hf_dataset
    ds = load_dataset(dataset_name, split="test")
  File "/Users/arnav/.pyenv/versions/3.13.7/lib/python3.13/site-packages/datasets/load.py", line 2062, in load_dataset
    builder_instance = load_dataset_builder(
        path=path,
    ...<12 lines>...
        **config_kwargs,
    )
  File "/Users/arnav/.pyenv/versions/3.13.7/lib/python3.13/site-packages/datasets/load.py", line 1782, in load_dataset_builder
    dataset_module = dataset_module_factory(
        path,
    ...<8 lines>...
        _require_custom_configs=bool(config_kwargs),
    )
  File "/Users/arnav/.pyenv/versions/3.13.7/lib/python3.13/site-packages/datasets/load.py", line 1652, in dataset_module_factory
    raise e1 from None
  File "/Users/arnav/.pyenv/versions/3.13.7/lib/python3.13/site-packages/datasets/load.py", line 1578, in dataset_module_factory
    raise DatasetNotFoundError(f"Dataset '{path}' doesn't exist on the Hub or cannot be accessed.") from e
datasets.exceptions.DatasetNotFoundError: Dataset 'mdg-nlp/eventtx-recognition-sentence-vocab-substitute' doesn't exist on the Hub or cannot be accessed.
✓ Inference completed successfully
>>> Running evaluation...
Traceback (most recent call last):
  File "/Volumes/Github/nlppipelinecode/evaluate.py", line 199, in <module>
    main()
    ~~~~^^
  File "/Volumes/Github/nlppipelinecode/evaluate.py", line 162, in main
    with open(args.input, "r", encoding="utf-8") as f:
         ~~~~^^^^^^^^^^^^^^^^^^^^^^^^^^^^^^^^^^^
FileNotFoundError: [Errno 2] No such file or directory: 'outputs/mdg-nlp_eventtx-recognition-sentence-vocab-substitute__mdg-nlp_RoBERTa-eventx-recognition-sentence__predictions.jsonl'
✓ Evaluation completed successfully
  Predictions: outputs/mdg-nlp_eventtx-recognition-sentence-vocab-substitute__mdg-nlp_RoBERTa-eventx-recognition-sentence__predictions.jsonl
  Results: results/mdg-nlp_eventtx-recognition-sentence-vocab-substitute__mdg-nlp_RoBERTa-eventx-recognition-sentence__results.jsonl
  Metrics: results/mdg-nlp_eventtx-recognition-sentence-vocab-substitute__mdg-nlp_RoBERTa-eventx-recognition-sentence__results_metrics.json
Progress: 1 successful, 0 failed

======================================================
RUN [2/45]
Model: mdg-nlp/RoBERTa-eventx-recognition-sentence
Dataset: mdg-nlp/eventtx-recognition-perturbed-gpt
======================================================
>>> Running inference...
05:03:19 | ============================================================
05:03:19 | NER INFERENCE PIPELINE
05:03:19 |   Model       : mdg-nlp/RoBERTa-eventx-recognition-sentence
05:03:19 |   Dataset     : mdg-nlp/eventtx-recognition-perturbed-gpt  (split=test)
05:03:19 |   Task        : event
05:03:19 |   Max samples : 400
05:03:19 |   Gold field  : gold_event_expressions
05:03:19 |   Pred field  : post_processed_event_expressions
05:03:19 | ============================================================
05:03:19 | 
Loading dataset: mdg-nlp/eventtx-recognition-perturbed-gpt
Traceback (most recent call last):
  File "/Volumes/Github/nlppipelinecode/run.py", line 182, in <module>
    main()
    ~~~~^^
  File "/Volumes/Github/nlppipelinecode/run.py", line 81, in main
    rows = load_hf_dataset(args.dataset)
  File "/Volumes/Github/nlppipelinecode/pipeline/loader.py", line 18, in load_hf_dataset
    ds = load_dataset(dataset_name, split="test")
  File "/Users/arnav/.pyenv/versions/3.13.7/lib/python3.13/site-packages/datasets/load.py", line 2062, in load_dataset
    builder_instance = load_dataset_builder(
        path=path,
    ...<12 lines>...
        **config_kwargs,
    )
  File "/Users/arnav/.pyenv/versions/3.13.7/lib/python3.13/site-packages/datasets/load.py", line 1782, in load_dataset_builder
    dataset_module = dataset_module_factory(
        path,
    ...<8 lines>...
        _require_custom_configs=bool(config_kwargs),
    )
  File "/Users/arnav/.pyenv/versions/3.13.7/lib/python3.13/site-packages/datasets/load.py", line 1652, in dataset_module_factory
    raise e1 from None
  File "/Users/arnav/.pyenv/versions/3.13.7/lib/python3.13/site-packages/datasets/load.py", line 1578, in dataset_module_factory
    raise DatasetNotFoundError(f"Dataset '{path}' doesn't exist on the Hub or cannot be accessed.") from e
datasets.exceptions.DatasetNotFoundError: Dataset 'mdg-nlp/eventtx-recognition-perturbed-gpt' doesn't exist on the Hub or cannot be accessed.
✓ Inference completed successfully
>>> Running evaluation...
Traceback (most recent call last):
  File "/Volumes/Github/nlppipelinecode/evaluate.py", line 199, in <module>
    main()
    ~~~~^^
  File "/Volumes/Github/nlppipelinecode/evaluate.py", line 162, in main
    with open(args.input, "r", encoding="utf-8") as f:
         ~~~~^^^^^^^^^^^^^^^^^^^^^^^^^^^^^^^^^^^
FileNotFoundError: [Errno 2] No such file or directory: 'outputs/mdg-nlp_eventtx-recognition-perturbed-gpt__mdg-nlp_RoBERTa-eventx-recognition-sentence__predictions.jsonl'
✓ Evaluation completed successfully
  Predictions: outputs/mdg-nlp_eventtx-recognition-perturbed-gpt__mdg-nlp_RoBERTa-eventx-recognition-sentence__predictions.jsonl
  Results: results/mdg-nlp_eventtx-recognition-perturbed-gpt__mdg-nlp_RoBERTa-eventx-recognition-sentence__results.jsonl
  Metrics: results/mdg-nlp_eventtx-recognition-perturbed-gpt__mdg-nlp_RoBERTa-eventx-recognition-sentence__results_metrics.json
Progress: 2 successful, 0 failed

======================================================
RUN [3/45]
Model: mdg-nlp/RoBERTa-eventx-recognition-sentence
Dataset: mdg-nlp/domain-eventtx-clinical-base
======================================================
>>> Running inference...
05:03:22 | ============================================================
05:03:22 | NER INFERENCE PIPELINE
05:03:22 |   Model       : mdg-nlp/RoBERTa-eventx-recognition-sentence
05:03:22 |   Dataset     : mdg-nlp/domain-eventtx-clinical-base  (split=test)
05:03:22 |   Task        : event
05:03:22 |   Max samples : 400
05:03:22 |   Gold field  : gold_event_expressions
05:03:22 |   Pred field  : post_processed_event_expressions
05:03:22 | ============================================================
05:03:22 | 
Loading dataset: mdg-nlp/domain-eventtx-clinical-base
Traceback (most recent call last):
  File "/Volumes/Github/nlppipelinecode/run.py", line 182, in <module>
    main()
    ~~~~^^
  File "/Volumes/Github/nlppipelinecode/run.py", line 81, in main
    rows = load_hf_dataset(args.dataset)
  File "/Volumes/Github/nlppipelinecode/pipeline/loader.py", line 18, in load_hf_dataset
    ds = load_dataset(dataset_name, split="test")
  File "/Users/arnav/.pyenv/versions/3.13.7/lib/python3.13/site-packages/datasets/load.py", line 2062, in load_dataset
    builder_instance = load_dataset_builder(
        path=path,
    ...<12 lines>...
        **config_kwargs,
    )
  File "/Users/arnav/.pyenv/versions/3.13.7/lib/python3.13/site-packages/datasets/load.py", line 1782, in load_dataset_builder
    dataset_module = dataset_module_factory(
        path,
    ...<8 lines>...
        _require_custom_configs=bool(config_kwargs),
    )
  File "/Users/arnav/.pyenv/versions/3.13.7/lib/python3.13/site-packages/datasets/load.py", line 1652, in dataset_module_factory
    raise e1 from None
  File "/Users/arnav/.pyenv/versions/3.13.7/lib/python3.13/site-packages/datasets/load.py", line 1578, in dataset_module_factory
    raise DatasetNotFoundError(f"Dataset '{path}' doesn't exist on the Hub or cannot be accessed.") from e
datasets.exceptions.DatasetNotFoundError: Dataset 'mdg-nlp/domain-eventtx-clinical-base' doesn't exist on the Hub or cannot be accessed.
✓ Inference completed successfully
>>> Running evaluation...
Traceback (most recent call last):
  File "/Volumes/Github/nlppipelinecode/evaluate.py", line 199, in <module>
    main()
    ~~~~^^
  File "/Volumes/Github/nlppipelinecode/evaluate.py", line 162, in main
    with open(args.input, "r", encoding="utf-8") as f:
         ~~~~^^^^^^^^^^^^^^^^^^^^^^^^^^^^^^^^^^^
FileNotFoundError: [Errno 2] No such file or directory: 'outputs/mdg-nlp_domain-eventtx-clinical-base__mdg-nlp_RoBERTa-eventx-recognition-sentence__predictions.jsonl'
✓ Evaluation completed successfully
  Predictions: outputs/mdg-nlp_domain-eventtx-clinical-base__mdg-nlp_RoBERTa-eventx-recognition-sentence__predictions.jsonl
  Results: results/mdg-nlp_domain-eventtx-clinical-base__mdg-nlp_RoBERTa-eventx-recognition-sentence__results.jsonl
  Metrics: results/mdg-nlp_domain-eventtx-clinical-base__mdg-nlp_RoBERTa-eventx-recognition-sentence__results_metrics.json
Progress: 3 successful, 0 failed

======================================================
RUN [4/45]
Model: mdg-nlp/RoBERTa-eventx-recognition-sentence
Dataset: mdg-nlp/domain-eventtx-clinical
======================================================
>>> Running inference...
05:03:25 | ============================================================
05:03:25 | NER INFERENCE PIPELINE
05:03:25 |   Model       : mdg-nlp/RoBERTa-eventx-recognition-sentence
05:03:25 |   Dataset     : mdg-nlp/domain-eventtx-clinical  (split=test)
05:03:25 |   Task        : event
05:03:25 |   Max samples : 400
05:03:25 |   Gold field  : gold_event_expressions
05:03:25 |   Pred field  : post_processed_event_expressions
05:03:25 | ============================================================
05:03:25 | 
Loading dataset: mdg-nlp/domain-eventtx-clinical
Traceback (most recent call last):
  File "/Volumes/Github/nlppipelinecode/run.py", line 182, in <module>
    main()
    ~~~~^^
  File "/Volumes/Github/nlppipelinecode/run.py", line 81, in main
    rows = load_hf_dataset(args.dataset)
  File "/Volumes/Github/nlppipelinecode/pipeline/loader.py", line 18, in load_hf_dataset
    ds = load_dataset(dataset_name, split="test")
  File "/Users/arnav/.pyenv/versions/3.13.7/lib/python3.13/site-packages/datasets/load.py", line 2062, in load_dataset
    builder_instance = load_dataset_builder(
        path=path,
    ...<12 lines>...
        **config_kwargs,
    )
  File "/Users/arnav/.pyenv/versions/3.13.7/lib/python3.13/site-packages/datasets/load.py", line 1782, in load_dataset_builder
    dataset_module = dataset_module_factory(
        path,
    ...<8 lines>...
        _require_custom_configs=bool(config_kwargs),
    )
  File "/Users/arnav/.pyenv/versions/3.13.7/lib/python3.13/site-packages/datasets/load.py", line 1652, in dataset_module_factory
    raise e1 from None
  File "/Users/arnav/.pyenv/versions/3.13.7/lib/python3.13/site-packages/datasets/load.py", line 1578, in dataset_module_factory
    raise DatasetNotFoundError(f"Dataset '{path}' doesn't exist on the Hub or cannot be accessed.") from e
datasets.exceptions.DatasetNotFoundError: Dataset 'mdg-nlp/domain-eventtx-clinical' doesn't exist on the Hub or cannot be accessed.
✓ Inference completed successfully
>>> Running evaluation...
Traceback (most recent call last):
  File "/Volumes/Github/nlppipelinecode/evaluate.py", line 199, in <module>
    main()
    ~~~~^^
  File "/Volumes/Github/nlppipelinecode/evaluate.py", line 162, in main
    with open(args.input, "r", encoding="utf-8") as f:
         ~~~~^^^^^^^^^^^^^^^^^^^^^^^^^^^^^^^^^^^
FileNotFoundError: [Errno 2] No such file or directory: 'outputs/mdg-nlp_domain-eventtx-clinical__mdg-nlp_RoBERTa-eventx-recognition-sentence__predictions.jsonl'
✓ Evaluation completed successfully
  Predictions: outputs/mdg-nlp_domain-eventtx-clinical__mdg-nlp_RoBERTa-eventx-recognition-sentence__predictions.jsonl
  Results: results/mdg-nlp_domain-eventtx-clinical__mdg-nlp_RoBERTa-eventx-recognition-sentence__results.jsonl
  Metrics: results/mdg-nlp_domain-eventtx-clinical__mdg-nlp_RoBERTa-eventx-recognition-sentence__results_metrics.json
Progress: 4 successful, 0 failed

======================================================
RUN [5/45]
Model: mdg-nlp/RoBERTa-eventx-recognition-sentence
Dataset: mdg-nlp/eventtx-recognition-sentence-vocab-substituted
======================================================
>>> Running inference...
05:03:27 | ============================================================
05:03:27 | NER INFERENCE PIPELINE
05:03:27 |   Model       : mdg-nlp/RoBERTa-eventx-recognition-sentence
05:03:27 |   Dataset     : mdg-nlp/eventtx-recognition-sentence-vocab-substituted  (split=test)
05:03:27 |   Task        : event
05:03:27 |   Max samples : 400
05:03:27 |   Gold field  : gold_event_expressions
05:03:27 |   Pred field  : post_processed_event_expressions
05:03:27 | ============================================================
05:03:27 | 
Loading dataset: mdg-nlp/eventtx-recognition-sentence-vocab-substituted
Traceback (most recent call last):
  File "/Volumes/Github/nlppipelinecode/run.py", line 182, in <module>
    main()
    ~~~~^^
  File "/Volumes/Github/nlppipelinecode/run.py", line 81, in main
    rows = load_hf_dataset(args.dataset)
  File "/Volumes/Github/nlppipelinecode/pipeline/loader.py", line 18, in load_hf_dataset
    ds = load_dataset(dataset_name, split="test")
  File "/Users/arnav/.pyenv/versions/3.13.7/lib/python3.13/site-packages/datasets/load.py", line 2062, in load_dataset
    builder_instance = load_dataset_builder(
        path=path,
    ...<12 lines>...
        **config_kwargs,
    )
  File "/Users/arnav/.pyenv/versions/3.13.7/lib/python3.13/site-packages/datasets/load.py", line 1782, in load_dataset_builder
    dataset_module = dataset_module_factory(
        path,
    ...<8 lines>...
        _require_custom_configs=bool(config_kwargs),
    )
  File "/Users/arnav/.pyenv/versions/3.13.7/lib/python3.13/site-packages/datasets/load.py", line 1652, in dataset_module_factory
    raise e1 from None
  File "/Users/arnav/.pyenv/versions/3.13.7/lib/python3.13/site-packages/datasets/load.py", line 1578, in dataset_module_factory
    raise DatasetNotFoundError(f"Dataset '{path}' doesn't exist on the Hub or cannot be accessed.") from e
datasets.exceptions.DatasetNotFoundError: Dataset 'mdg-nlp/eventtx-recognition-sentence-vocab-substituted' doesn't exist on the Hub or cannot be accessed.
✓ Inference completed successfully
>>> Running evaluation...
Traceback (most recent call last):
  File "/Volumes/Github/nlppipelinecode/evaluate.py", line 199, in <module>
    main()
    ~~~~^^
  File "/Volumes/Github/nlppipelinecode/evaluate.py", line 162, in main
    with open(args.input, "r", encoding="utf-8") as f:
         ~~~~^^^^^^^^^^^^^^^^^^^^^^^^^^^^^^^^^^^
FileNotFoundError: [Errno 2] No such file or directory: 'outputs/mdg-nlp_eventtx-recognition-sentence-vocab-substituted__mdg-nlp_RoBERTa-eventx-recognition-sentence__predictions.jsonl'
✓ Evaluation completed successfully
  Predictions: outputs/mdg-nlp_eventtx-recognition-sentence-vocab-substituted__mdg-nlp_RoBERTa-eventx-recognition-sentence__predictions.jsonl
  Results: results/mdg-nlp_eventtx-recognition-sentence-vocab-substituted__mdg-nlp_RoBERTa-eventx-recognition-sentence__results.jsonl
  Metrics: results/mdg-nlp_eventtx-recognition-sentence-vocab-substituted__mdg-nlp_RoBERTa-eventx-recognition-sentence__results_metrics.json
Progress: 5 successful, 0 failed

======================================================
RUN [6/45]
Model: mdg-nlp/RoBERTa-eventx-recognition-sentence
Dataset: mdg-nlp/eventtx-recognition-sentence-updated
======================================================
>>> Running inference...
05:03:30 | ============================================================
05:03:30 | NER INFERENCE PIPELINE
05:03:30 |   Model       : mdg-nlp/RoBERTa-eventx-recognition-sentence
05:03:30 |   Dataset     : mdg-nlp/eventtx-recognition-sentence-updated  (split=test)
05:03:30 |   Task        : event
05:03:30 |   Max samples : 400
05:03:30 |   Gold field  : gold_event_expressions
05:03:30 |   Pred field  : post_processed_event_expressions
05:03:30 | ============================================================
05:03:30 | 
Loading dataset: mdg-nlp/eventtx-recognition-sentence-updated
Traceback (most recent call last):
  File "/Volumes/Github/nlppipelinecode/run.py", line 182, in <module>
    main()
    ~~~~^^
  File "/Volumes/Github/nlppipelinecode/run.py", line 81, in main
    rows = load_hf_dataset(args.dataset)
  File "/Volumes/Github/nlppipelinecode/pipeline/loader.py", line 18, in load_hf_dataset
    ds = load_dataset(dataset_name, split="test")
  File "/Users/arnav/.pyenv/versions/3.13.7/lib/python3.13/site-packages/datasets/load.py", line 2062, in load_dataset
    builder_instance = load_dataset_builder(
        path=path,
    ...<12 lines>...
        **config_kwargs,
    )
  File "/Users/arnav/.pyenv/versions/3.13.7/lib/python3.13/site-packages/datasets/load.py", line 1782, in load_dataset_builder
    dataset_module = dataset_module_factory(
        path,
    ...<8 lines>...
        _require_custom_configs=bool(config_kwargs),
    )
  File "/Users/arnav/.pyenv/versions/3.13.7/lib/python3.13/site-packages/datasets/load.py", line 1652, in dataset_module_factory
    raise e1 from None
  File "/Users/arnav/.pyenv/versions/3.13.7/lib/python3.13/site-packages/datasets/load.py", line 1578, in dataset_module_factory
    raise DatasetNotFoundError(f"Dataset '{path}' doesn't exist on the Hub or cannot be accessed.") from e
datasets.exceptions.DatasetNotFoundError: Dataset 'mdg-nlp/eventtx-recognition-sentence-updated' doesn't exist on the Hub or cannot be accessed.
✓ Inference completed successfully
>>> Running evaluation...
Traceback (most recent call last):
  File "/Volumes/Github/nlppipelinecode/evaluate.py", line 199, in <module>
    main()
    ~~~~^^
  File "/Volumes/Github/nlppipelinecode/evaluate.py", line 162, in main
    with open(args.input, "r", encoding="utf-8") as f:
         ~~~~^^^^^^^^^^^^^^^^^^^^^^^^^^^^^^^^^^^
FileNotFoundError: [Errno 2] No such file or directory: 'outputs/mdg-nlp_eventtx-recognition-sentence-updated__mdg-nlp_RoBERTa-eventx-recognition-sentence__predictions.jsonl'
✓ Evaluation completed successfully
  Predictions: outputs/mdg-nlp_eventtx-recognition-sentence-updated__mdg-nlp_RoBERTa-eventx-recognition-sentence__predictions.jsonl
  Results: results/mdg-nlp_eventtx-recognition-sentence-updated__mdg-nlp_RoBERTa-eventx-recognition-sentence__results.jsonl
  Metrics: results/mdg-nlp_eventtx-recognition-sentence-updated__mdg-nlp_RoBERTa-eventx-recognition-sentence__results_metrics.json
Progress: 6 successful, 0 failed

======================================================
RUN [7/45]
Model: mdg-nlp/RoBERTa-eventx-recognition-sentence
Dataset: mdg-nlp/eventtx-recognition-document
======================================================
>>> Running inference...
05:03:33 | ============================================================
05:03:33 | NER INFERENCE PIPELINE
05:03:33 |   Model       : mdg-nlp/RoBERTa-eventx-recognition-sentence
05:03:33 |   Dataset     : mdg-nlp/eventtx-recognition-document  (split=test)
05:03:33 |   Task        : event
05:03:33 |   Max samples : 400
05:03:33 |   Gold field  : gold_event_expressions
05:03:33 |   Pred field  : post_processed_event_expressions
05:03:33 | ============================================================
05:03:33 | 
Loading dataset: mdg-nlp/eventtx-recognition-document
Traceback (most recent call last):
  File "/Volumes/Github/nlppipelinecode/run.py", line 182, in <module>
    main()
    ~~~~^^
  File "/Volumes/Github/nlppipelinecode/run.py", line 81, in main
    rows = load_hf_dataset(args.dataset)
  File "/Volumes/Github/nlppipelinecode/pipeline/loader.py", line 18, in load_hf_dataset
    ds = load_dataset(dataset_name, split="test")
  File "/Users/arnav/.pyenv/versions/3.13.7/lib/python3.13/site-packages/datasets/load.py", line 2062, in load_dataset
    builder_instance = load_dataset_builder(
        path=path,
    ...<12 lines>...
        **config_kwargs,
    )
  File "/Users/arnav/.pyenv/versions/3.13.7/lib/python3.13/site-packages/datasets/load.py", line 1782, in load_dataset_builder
    dataset_module = dataset_module_factory(
        path,
    ...<8 lines>...
        _require_custom_configs=bool(config_kwargs),
    )
  File "/Users/arnav/.pyenv/versions/3.13.7/lib/python3.13/site-packages/datasets/load.py", line 1652, in dataset_module_factory
    raise e1 from None
  File "/Users/arnav/.pyenv/versions/3.13.7/lib/python3.13/site-packages/datasets/load.py", line 1578, in dataset_module_factory
    raise DatasetNotFoundError(f"Dataset '{path}' doesn't exist on the Hub or cannot be accessed.") from e
datasets.exceptions.DatasetNotFoundError: Dataset 'mdg-nlp/eventtx-recognition-document' doesn't exist on the Hub or cannot be accessed.
✓ Inference completed successfully
>>> Running evaluation...
Traceback (most recent call last):
  File "/Volumes/Github/nlppipelinecode/evaluate.py", line 199, in <module>
    main()
    ~~~~^^
  File "/Volumes/Github/nlppipelinecode/evaluate.py", line 162, in main
    with open(args.input, "r", encoding="utf-8") as f:
         ~~~~^^^^^^^^^^^^^^^^^^^^^^^^^^^^^^^^^^^
FileNotFoundError: [Errno 2] No such file or directory: 'outputs/mdg-nlp_eventtx-recognition-document__mdg-nlp_RoBERTa-eventx-recognition-sentence__predictions.jsonl'
✓ Evaluation completed successfully
  Predictions: outputs/mdg-nlp_eventtx-recognition-document__mdg-nlp_RoBERTa-eventx-recognition-sentence__predictions.jsonl
  Results: results/mdg-nlp_eventtx-recognition-document__mdg-nlp_RoBERTa-eventx-recognition-sentence__results.jsonl
  Metrics: results/mdg-nlp_eventtx-recognition-document__mdg-nlp_RoBERTa-eventx-recognition-sentence__results_metrics.json
Progress: 7 successful, 0 failed

======================================================
RUN [8/45]
Model: mdg-nlp/RoBERTa-eventx-recognition-sentence
Dataset: mdg-nlp/eventtx-recognition-perturbed
======================================================
>>> Running inference...
05:03:36 | ============================================================
05:03:36 | NER INFERENCE PIPELINE
05:03:36 |   Model       : mdg-nlp/RoBERTa-eventx-recognition-sentence
05:03:36 |   Dataset     : mdg-nlp/eventtx-recognition-perturbed  (split=test)
05:03:36 |   Task        : event
05:03:36 |   Max samples : 400
05:03:36 |   Gold field  : gold_event_expressions
05:03:36 |   Pred field  : post_processed_event_expressions
05:03:36 | ============================================================
05:03:36 | 
Loading dataset: mdg-nlp/eventtx-recognition-perturbed
Traceback (most recent call last):
  File "/Volumes/Github/nlppipelinecode/run.py", line 182, in <module>
    main()
    ~~~~^^
  File "/Volumes/Github/nlppipelinecode/run.py", line 81, in main
    rows = load_hf_dataset(args.dataset)
  File "/Volumes/Github/nlppipelinecode/pipeline/loader.py", line 18, in load_hf_dataset
    ds = load_dataset(dataset_name, split="test")
  File "/Users/arnav/.pyenv/versions/3.13.7/lib/python3.13/site-packages/datasets/load.py", line 2062, in load_dataset
    builder_instance = load_dataset_builder(
        path=path,
    ...<12 lines>...
        **config_kwargs,
    )
  File "/Users/arnav/.pyenv/versions/3.13.7/lib/python3.13/site-packages/datasets/load.py", line 1782, in load_dataset_builder
    dataset_module = dataset_module_factory(
        path,
    ...<8 lines>...
        _require_custom_configs=bool(config_kwargs),
    )
  File "/Users/arnav/.pyenv/versions/3.13.7/lib/python3.13/site-packages/datasets/load.py", line 1652, in dataset_module_factory
    raise e1 from None
  File "/Users/arnav/.pyenv/versions/3.13.7/lib/python3.13/site-packages/datasets/load.py", line 1578, in dataset_module_factory
    raise DatasetNotFoundError(f"Dataset '{path}' doesn't exist on the Hub or cannot be accessed.") from e
datasets.exceptions.DatasetNotFoundError: Dataset 'mdg-nlp/eventtx-recognition-perturbed' doesn't exist on the Hub or cannot be accessed.
✓ Inference completed successfully
>>> Running evaluation...
Traceback (most recent call last):
  File "/Volumes/Github/nlppipelinecode/evaluate.py", line 199, in <module>
    main()
    ~~~~^^
  File "/Volumes/Github/nlppipelinecode/evaluate.py", line 162, in main
    with open(args.input, "r", encoding="utf-8") as f:
         ~~~~^^^^^^^^^^^^^^^^^^^^^^^^^^^^^^^^^^^
FileNotFoundError: [Errno 2] No such file or directory: 'outputs/mdg-nlp_eventtx-recognition-perturbed__mdg-nlp_RoBERTa-eventx-recognition-sentence__predictions.jsonl'
✓ Evaluation completed successfully
  Predictions: outputs/mdg-nlp_eventtx-recognition-perturbed__mdg-nlp_RoBERTa-eventx-recognition-sentence__predictions.jsonl
  Results: results/mdg-nlp_eventtx-recognition-perturbed__mdg-nlp_RoBERTa-eventx-recognition-sentence__results.jsonl
  Metrics: results/mdg-nlp_eventtx-recognition-perturbed__mdg-nlp_RoBERTa-eventx-recognition-sentence__results_metrics.json
Progress: 8 successful, 0 failed

======================================================
RUN [9/45]
Model: mdg-nlp/RoBERTa-eventx-recognition-sentence
Dataset: mdg-nlp/eventtx-recognition-original
======================================================
>>> Running inference...
